[    0.000000] Initializing cgroup subsys cpuset
[    0.000000] Initializing cgroup subsys cpu
[    0.000000] Initializing cgroup subsys cpuacct
[    0.000000] Linux version 4.4.0-97-generic (buildd@lcy01-33) (gcc version 5.4.0 20160609 (Ubuntu 5.4.0-6ubuntu1~16.04.4) ) #120-Ubuntu SMP Tue Sep 19 17:28:18 UTC 2017 (Ubuntu 4.4.0-97.120-generic 4.4.87)
[    0.000000] Command line: BOOT_IMAGE=/boot/vmlinuz-4.4.0-97-generic root=UUID=8bf37a84-9284-4ad9-adbd-60affffbca26 ro console=tty1 console=ttyS0
[    0.000000] KERNEL supported cpus:
[    0.000000]   Intel GenuineIntel
[    0.000000]   AMD AuthenticAMD
[    0.000000]   Centaur CentaurHauls
[    0.000000] x86/fpu: xstate_offset[2]:  576, xstate_sizes[2]:  256
[    0.000000] x86/fpu: Supporting XSAVE feature 0x01: 'x87 floating point registers'
[    0.000000] x86/fpu: Supporting XSAVE feature 0x02: 'SSE registers'
[    0.000000] x86/fpu: Supporting XSAVE feature 0x04: 'AVX registers'
[    0.000000] x86/fpu: Enabled xstate features 0x7, context size is 832 bytes, using 'standard' format.
[    0.000000] x86/fpu: Using 'lazy' FPU context switches.
[    0.000000] e820: BIOS-provided physical RAM map:
[    0.000000] BIOS-e820: [mem 0x0000000000000000-0x000000000009fbff] usable
[    0.000000] BIOS-e820: [mem 0x000000000009fc00-0x000000000009ffff] reserved
[    0.000000] BIOS-e820: [mem 0x00000000000f0000-0x00000000000fffff] reserved
[    0.000000] BIOS-e820: [mem 0x0000000000100000-0x000000003ffeffff] usable
[    0.000000] BIOS-e820: [mem 0x000000003fff0000-0x000000003fffffff] ACPI data
[    0.000000] BIOS-e820: [mem 0x00000000fec00000-0x00000000fec00fff] reserved
[    0.000000] BIOS-e820: [mem 0x00000000fee00000-0x00000000fee00fff] reserved
[    0.000000] BIOS-e820: [mem 0x00000000fffc0000-0x00000000ffffffff] reserved
[    0.000000] NX (Execute Disable) protection: active
[    0.000000] SMBIOS 2.5 present.
[    0.000000] Hypervisor detected: KVM
[    0.000000] e820: last_pfn = 0x3fff0 max_arch_pfn = 0x400000000
[    0.000000] MTRR: Disabled
[    0.000000] x86/PAT: MTRRs disabled, skipping PAT initialization too.
[    0.000000] CPU MTRRs all blank - virtualized system.
[    0.000000] x86/PAT: Configuration [0-7]: WB  WT  UC- UC  WB  WT  UC- UC  
[    0.000000] found SMP MP-table at [mem 0x0009fff0-0x0009ffff] mapped at [ffff88000009fff0]
[    0.000000] Scanning 1 areas for low memory corruption
[    0.000000] RAMDISK: [mem 0x36234000-0x37111fff]
[    0.000000] ACPI: Early table checksum verification disabled
[    0.000000] ACPI: RSDP 0x00000000000E0000 000024 (v02 VBOX  )
[    0.000000] ACPI: XSDT 0x000000003FFF0030 00003C (v01 VBOX   VBOXXSDT 00000001 ASL  00000061)
[    0.000000] ACPI: FACP 0x000000003FFF00F0 0000F4 (v04 VBOX   VBOXFACP 00000001 ASL  00000061)
[    0.000000] ACPI: DSDT 0x000000003FFF0470 0021FF (v02 VBOX   VBOXBIOS 00000002 INTL 20100528)
[    0.000000] ACPI: FACS 0x000000003FFF0200 000040
[    0.000000] ACPI: FACS 0x000000003FFF0200 000040
[    0.000000] ACPI: APIC 0x000000003FFF0240 00005C (v02 VBOX   VBOXAPIC 00000001 ASL  00000061)
[    0.000000] ACPI: SSDT 0x000000003FFF02A0 0001CC (v01 VBOX   VBOXCPUT 00000002 INTL 20100528)
[    0.000000] No NUMA configuration found
[    0.000000] Faking a node at [mem 0x0000000000000000-0x000000003ffeffff]
[    0.000000] NODE_DATA(0) allocated [mem 0x3ffeb000-0x3ffeffff]
[    0.000000] kvm-clock: Using msrs 4b564d01 and 4b564d00
[    0.000000] kvm-clock: cpu 0, msr 0:3ffe3001, primary cpu clock
[    0.000000] kvm-clock: using sched offset of 3102891626 cycles
[    0.000000] clocksource: kvm-clock: mask: 0xffffffffffffffff max_cycles: 0x1cd42e4dffb, max_idle_ns: 881590591483 ns
[    0.000000] Zone ranges:
[    0.000000]   DMA      [mem 0x0000000000001000-0x0000000000ffffff]
[    0.000000]   DMA32    [mem 0x0000000001000000-0x000000003ffeffff]
[    0.000000]   Normal   empty
[    0.000000]   Device   empty
[    0.000000] Movable zone start for each node
[    0.000000] Early memory node ranges
[    0.000000]   node   0: [mem 0x0000000000001000-0x000000000009efff]
[    0.000000]   node   0: [mem 0x0000000000100000-0x000000003ffeffff]
[    0.000000] Initmem setup node 0 [mem 0x0000000000001000-0x000000003ffeffff]
[    0.000000] ACPI: PM-Timer IO Port: 0x4008
[    0.000000] IOAPIC[0]: apic_id 2, version 32, address 0xfec00000, GSI 0-23
[    0.000000] ACPI: INT_SRC_OVR (bus 0 bus_irq 0 global_irq 2 dfl dfl)
[    0.000000] ACPI: INT_SRC_OVR (bus 0 bus_irq 9 global_irq 9 high level)
[    0.000000] Using ACPI (MADT) for SMP configuration information
[    0.000000] smpboot: Allowing 2 CPUs, 0 hotplug CPUs
[    0.000000] PM: Registered nosave memory: [mem 0x00000000-0x00000fff]
[    0.000000] PM: Registered nosave memory: [mem 0x0009f000-0x0009ffff]
[    0.000000] PM: Registered nosave memory: [mem 0x000a0000-0x000effff]
[    0.000000] PM: Registered nosave memory: [mem 0x000f0000-0x000fffff]
[    0.000000] e820: [mem 0x40000000-0xfebfffff] available for PCI devices
[    0.000000] Booting paravirtualized kernel on KVM
[    0.000000] clocksource: refined-jiffies: mask: 0xffffffff max_cycles: 0xffffffff, max_idle_ns: 7645519600211568 ns
[    0.000000] setup_percpu: NR_CPUS:512 nr_cpumask_bits:512 nr_cpu_ids:2 nr_node_ids:1
[    0.000000] PERCPU: Embedded 34 pages/cpu @ffff88003fc00000 s98328 r8192 d32744 u1048576
[    0.000000] PV qspinlock hash table entries: 256 (order: 0, 4096 bytes)
[    0.000000] Built 1 zonelists in Node order, mobility grouping on.  Total pages: 257913
[    0.000000] Policy zone: DMA32
[    0.000000] Kernel command line: BOOT_IMAGE=/boot/vmlinuz-4.4.0-97-generic root=UUID=8bf37a84-9284-4ad9-adbd-60affffbca26 ro console=tty1 console=ttyS0
[    0.000000] PID hash table entries: 4096 (order: 3, 32768 bytes)
[    0.000000] Memory: 997340K/1048120K available (8480K kernel code, 1294K rwdata, 3984K rodata, 1492K init, 1316K bss, 50780K reserved, 0K cma-reserved)
[    0.000000] SLUB: HWalign=64, Order=0-3, MinObjects=0, CPUs=2, Nodes=1
[    0.000000] Hierarchical RCU implementation.
[    0.000000] 	Build-time adjustment of leaf fanout to 64.
[    0.000000] 	RCU restricting CPUs from NR_CPUS=512 to nr_cpu_ids=2.
[    0.000000] RCU: Adjusting geometry for rcu_fanout_leaf=64, nr_cpu_ids=2
[    0.000000] NR_IRQS:33024 nr_irqs:440 16
[    0.000000] Console: colour VGA+ 80x25
[    0.000000] console [tty1] enabled
[    0.000000] console [ttyS0] enabled
[    0.000000] tsc: Detected 2394.468 MHz processor
[    5.435369] Calibrating delay loop (skipped) preset value.. 4788.93 BogoMIPS (lpj=9577872)
[    5.445331] pid_max: default: 32768 minimum: 301
[    5.456935] ACPI: Core revision 20150930
[    5.489791] ACPI: 2 ACPI AML tables successfully acquired and loaded
[    5.547227] Security Framework initialized
[    5.605737] Yama: becoming mindful.
[    5.656794] AppArmor: AppArmor initialized
[    5.677445] Dentry cache hash table entries: 131072 (order: 8, 1048576 bytes)
[    5.678627] Inode-cache hash table entries: 65536 (order: 7, 524288 bytes)
[    5.759368] Mount-cache hash table entries: 2048 (order: 2, 16384 bytes)
[    5.845667] Mountpoint-cache hash table entries: 2048 (order: 2, 16384 bytes)
[    6.028152] Initializing cgroup subsys io
[    6.138021] Initializing cgroup subsys memory
[    6.229092] Initializing cgroup subsys devices
[    6.236980] Initializing cgroup subsys freezer
[    6.237719] Initializing cgroup subsys net_cls
[    6.238447] Initializing cgroup subsys perf_event
[    6.239212] Initializing cgroup subsys net_prio
[    6.268214] Initializing cgroup subsys hugetlb
[    6.396710] Initializing cgroup subsys pids
[    6.489851] CPU: Physical Processor ID: 0
[    6.581313] CPU: Processor Core ID: 0
[    6.695737] mce: CPU supports 0 MCE banks
[    6.788494] Last level iTLB entries: 4KB 1024, 2MB 1024, 4MB 1024
[    6.940637] Last level dTLB entries: 4KB 1024, 2MB 1024, 4MB 1024, 1GB 4
[    7.134421] Freeing SMP alternatives memory: 32K
[    7.229374] ftrace: allocating 32148 entries in 126 pages
[    7.363273] smpboot: APIC(0) Converting physical 0 to logical package 0
[    7.437334] smpboot: Max logical packages: 1
[    7.463671] x2apic enabled
[    7.465719] Switched APIC routing to physical x2apic.
[    7.555072] ..TIMER: vector=0x30 apic1=0 pin1=2 apic2=-1 pin2=-1
[    7.752438] smpboot: CPU0: Intel(R) Core(TM) i7-4700HQ CPU @ 2.40GHz (family: 0x6, model: 0x3c, stepping: 0x3)
[    7.781200] Performance Events: unsupported p6 CPU model 60 no PMU driver, software events only.
[    7.854478] KVM setup paravirtual spinlock
[    7.912951] x86: Booting SMP configuration:
[    7.982364] .... node  #0, CPUs:      #1
[    8.079807] kvm-clock: cpu 1, msr 0:3ffe3041, secondary cpu clock
[    8.158180] mce: CPU supports 0 MCE banks
[    8.231768] x86: Booted up 1 node, 2 CPUs
[    8.276230] smpboot: Total of 2 processors activated (9577.87 BogoMIPS)
[    8.362824] devtmpfs: initialized
[    8.422982] evm: security.selinux
[    8.500218] evm: security.SMACK64
[    8.543865] evm: security.SMACK64EXEC
[    8.639827] evm: security.SMACK64TRANSMUTE
[    8.759412] evm: security.SMACK64MMAP
[    8.856496] evm: security.ima
[    8.927991] evm: security.capability
[    9.004328] clocksource: jiffies: mask: 0xffffffff max_cycles: 0xffffffff, max_idle_ns: 7645041785100000 ns
[    9.263672] futex hash table entries: 512 (order: 3, 32768 bytes)
[    9.411163] pinctrl core: initialized pinctrl subsystem
[    9.482299] RTC time: 23:02:45, date: 10/30/17
[    9.486507] NET: Registered protocol family 16
[    9.539838] cpuidle: using governor ladder
[    9.652002] cpuidle: using governor menu
[    9.749867] PCCT header not found.
[    9.809015] ACPI: bus type PCI registered
[    9.809693] acpiphp: ACPI Hot Plug PCI Controller Driver version: 0.5
[    9.810725] PCI: Using configuration type 1 for base access
[    9.823891] ACPI: Added _OSI(Module Device)
[    9.935499] ACPI: Added _OSI(Processor Device)
[   10.006258] ACPI: Added _OSI(3.0 _SCP Extensions)
[   10.058409] ACPI: Added _OSI(Processor Aggregator Device)
[   10.204331] ACPI: Executed 1 blocks of module-level executable AML code
[   10.349629] ACPI: Interpreter enabled
[   10.350275] ACPI: (supports S0 S5)
[   10.359875] ACPI: Using IOAPIC for interrupt routing
[   10.361089] PCI: Using host bridge windows from ACPI; if necessary, use "pci=nocrs" and report a bug
[   10.365439] ACPI: PCI Root Bridge [PCI0] (domain 0000 [bus 00-ff])
[   10.368346] acpi PNP0A03:00: _OSC: OS supports [ASPM ClockPM Segments MSI]
[   10.510965] acpi PNP0A03:00: _OSC: not requesting OS control; OS requires [ExtendedConfig ASPM ClockPM MSI]
[   10.677318] acpi PNP0A03:00: fail to add MMCONFIG information, can't access extended PCI configuration space under this bridge.
[   10.940367] PCI host bridge to bus 0000:00
[   11.025287] pci_bus 0000:00: root bus resource [io  0x0000-0x0cf7 window]
[   11.026333] pci_bus 0000:00: root bus resource [io  0x0d00-0xffff window]
[   11.027340] pci_bus 0000:00: root bus resource [mem 0x000a0000-0x000bffff window]
[   11.060511] pci_bus 0000:00: root bus resource [mem 0x40000000-0xffdfffff window]
[   11.237170] pci_bus 0000:00: root bus resource [bus 00-ff]
[   11.278250] pci 0000:00:01.1: legacy IDE quirk: reg 0x10: [io  0x01f0-0x01f7]
[   11.279323] pci 0000:00:01.1: legacy IDE quirk: reg 0x14: [io  0x03f6]
[   11.463096] pci 0000:00:01.1: legacy IDE quirk: reg 0x18: [io  0x0170-0x0177]
[   11.644246] pci 0000:00:01.1: legacy IDE quirk: reg 0x1c: [io  0x0376]
[   11.711931] pci 0000:00:07.0: quirk: [io  0x4000-0x403f] claimed by PIIX4 ACPI
[   11.914688] pci 0000:00:07.0: quirk: [io  0x4100-0x410f] claimed by PIIX4 SMB
[   12.133916] ACPI: PCI Interrupt Link [LNKA] (IRQs 5 9 10 *11)
[   12.258883] ACPI: PCI Interrupt Link [LNKB] (IRQs 5 9 10 *11)
[   12.371537] ACPI: PCI Interrupt Link [LNKC] (IRQs 5 9 *10 11)
[   12.417598] ACPI: PCI Interrupt Link [LNKD] (IRQs 5 *9 10 11)
[   12.568113] ACPI: Enabled 2 GPEs in block 00 to 07
[   12.662544] vgaarb: setting as boot device: PCI:0000:00:02.0
[   12.694412] vgaarb: device added: PCI:0000:00:02.0,decodes=io+mem,owns=io+mem,locks=none
[   12.753324] vgaarb: loaded
[   12.759216] vgaarb: bridge control possible 0000:00:02.0
[   12.760240] SCSI subsystem initialized
[   12.761077] ACPI: bus type USB registered
[   12.761768] usbcore: registered new interface driver usbfs
[   12.777086] usbcore: registered new interface driver hub
[   12.777932] usbcore: registered new device driver usb
[   12.825344] PCI: Using ACPI for IRQ routing
[   12.934933] NetLabel: Initializing
[   13.027225] NetLabel:  domain hash size = 128
[   13.152846] NetLabel:  protocols = UNLABELED CIPSOv4
[   13.276943] NetLabel:  unlabeled traffic allowed by default
[   13.439374] amd_nb: Cannot enumerate AMD northbridges
[   13.582706] clocksource: Switched to clocksource kvm-clock
[   13.625151] AppArmor: AppArmor Filesystem Enabled
[   13.759328] pnp: PnP ACPI init
[   13.831511] pnp: PnP ACPI: found 3 devices
[   13.978302] clocksource: acpi_pm: mask: 0xffffff max_cycles: 0xffffff, max_idle_ns: 2085701024 ns
[   14.248467] NET: Registered protocol family 2
[   14.291230] TCP established hash table entries: 8192 (order: 4, 65536 bytes)
[   14.292284] TCP bind hash table entries: 8192 (order: 5, 131072 bytes)
[   14.293236] TCP: Hash tables configured (established 8192 bind 8192)
[   14.342774] UDP hash table entries: 512 (order: 2, 16384 bytes)
[   14.451982] UDP-Lite hash table entries: 512 (order: 2, 16384 bytes)
[   14.642545] NET: Registered protocol family 1
[   14.727172] pci 0000:00:00.0: Limiting direct PCI/PCI transfers
[   14.728087] pci 0000:00:01.0: Activating ISA DMA hang workarounds
[   14.859673] Unpacking initramfs...
[   15.215977] Freeing initrd memory: 15224K
[   15.283341] RAPL PMU detected, API unit is 2^-32 Joules, 4 fixed counters 10737418240 ms ovfl timer
[   15.468890] hw unit of domain pp0-core 2^-0 Joules
[   15.579034] hw unit of domain package 2^-0 Joules
[   15.660606] hw unit of domain dram 2^-0 Joules
[   15.688898] hw unit of domain pp1-gpu 2^-0 Joules
[   15.689768] platform rtc_cmos: registered platform RTC device (no PNP device found)
[   15.691076] Scanning for low memory corruption every 60 seconds
[   15.692312] audit: initializing netlink subsys (disabled)
[   15.750310] audit: type=2000 audit(1509404563.696:1): initialized
[   15.854972] Initialise system trusted keyring
[   15.857390] HugeTLB registered 2 MB page size, pre-allocated 0 pages
[   15.859548] zbud: loaded
[   15.860333] VFS: Disk quotas dquot_6.6.0
[   15.861077] VFS: Dquot-cache hash table entries: 512 (order 0, 4096 bytes)
[   15.862312] squashfs: version 4.0 (2009/01/31) Phillip Lougher
[   15.863438] fuse init (API version 7.23)
[   15.872763] Key type big_key registered
[   15.883501] Allocating IMA MOK and blacklist keyrings.
[   15.895243] Key type asymmetric registered
[   15.928956] Asymmetric key parser 'x509' registered
[   15.942568] Block layer SCSI generic (bsg) driver version 0.4 loaded (major 249)
[   15.950412] io scheduler noop registered
[   15.957120] io scheduler deadline registered (default)
[   15.957984] io scheduler cfq registered
[   15.958727] pci_hotplug: PCI Hot Plug PCI Core version: 0.5
[   15.962546] pciehp: PCI Express Hot Plug Controller Driver version: 0.4
[   16.027119] ACPI: AC Adapter [AC] (on-line)
[   16.088628] input: Power Button as /devices/LNXSYSTM:00/LNXPWRBN:00/input/input0
[   16.146062] ACPI: Power Button [PWRF]
[   16.162243] input: Sleep Button as /devices/LNXSYSTM:00/LNXSLPBN:00/input/input1
[   16.164624] ACPI: Sleep Button [SLPF]
[   16.166051] ACPI: Battery Slot [BAT0] (battery present)
[   16.289196] GHES: HEST is not enabled!
[   16.295973] Serial: 8250/16550 driver, 32 ports, IRQ sharing enabled
[   16.320082] 00:02: ttyS0 at I/O 0x3f8 (irq = 4, base_baud = 115200) is a 16550A
[   16.329875] Linux agpgart interface v0.103
[   16.332298] loop: module loaded
[   16.334769] scsi host0: ata_piix
[   16.335560] scsi host1: ata_piix
[   16.400760] ata1: PATA max UDMA/33 cmd 0x1f0 ctl 0x3f6 bmdma 0xd000 irq 14
[   16.495075] ata2: PATA max UDMA/33 cmd 0x170 ctl 0x376 bmdma 0xd008 irq 15
[   16.525943] libphy: Fixed MDIO Bus: probed
[   16.528191] tun: Universal TUN/TAP device driver, 1.6
[   16.627431] tun: (C) 1999-2004 Max Krasnyansky <maxk@qualcomm.com>
[   16.744670] tsc: Refined TSC clocksource calibration: 2395.553 MHz
[   16.843293] clocksource: tsc: mask: 0xffffffffffffffff max_cycles: 0x2287ce5af53, max_idle_ns: 440795232707 ns
[   16.927907] PPP generic driver version 2.4.2
[   17.027588] ehci_hcd: USB 2.0 'Enhanced' Host Controller (EHCI) Driver
[   17.163588] ehci-pci: EHCI PCI platform driver
[   17.172877] ehci-platform: EHCI generic platform driver
[   17.266089] ohci_hcd: USB 1.1 'Open' Host Controller (OHCI) Driver
[   17.414263] ohci-pci: OHCI PCI platform driver
[   17.540845] ohci-platform: OHCI generic platform driver
[   17.643442] uhci_hcd: USB Universal Host Controller Interface driver
[   17.747278] i8042: PNP: PS/2 Controller [PNP0303:PS2K,PNP0f03:PS2M] at 0x60,0x64 irq 1,12
[   17.749260] serio: i8042 KBD port at 0x60,0x64 irq 1
[   17.751264] serio: i8042 AUX port at 0x60,0x64 irq 12
[   17.752562] mousedev: PS/2 mouse device common for all mice
[   17.839204] input: AT Translated Set 2 keyboard as /devices/platform/i8042/serio0/input/input2
[   17.977330] rtc_cmos rtc_cmos: rtc core: registered rtc_cmos as rtc0
[   17.980595] rtc_cmos rtc_cmos: alarms up to one day, 114 bytes nvram
[   18.019735] i2c /dev entries driver
[   18.055302] device-mapper: uevent: version 1.0.3
[   18.056208] device-mapper: ioctl: 4.34.0-ioctl (2015-10-28) initialised: dm-devel@redhat.com
[   18.275330] ledtrig-cpu: registered to indicate activity on CPUs
[   18.420915] NET: Registered protocol family 10
[   18.537482] NET: Registered protocol family 17
[   18.634989] Key type dns_resolver registered
[   18.769436] microcode: CPU0 sig=0x306c3, pf=0x40, revision=0x0
[   18.779069] microcode: CPU1 sig=0x306c3, pf=0x40, revision=0x0
[   18.781572] microcode: Microcode Update Driver: v2.01 <tigran@aivazian.fsnet.co.uk>, Peter Oruba
[   18.799059] registered taskstats version 1
[   18.799782] Loading compiled-in X.509 certificates
[   18.807234] Loaded X.509 cert 'Build time autogenerated kernel key: d1010f9627fd9242df4b03365d2931dfd1ad3d42'
[   18.816710] zswap: loaded using pool lzo/zbud
[   18.819302] Key type trusted registered
[   18.910502] Key type encrypted registered
[   18.999705] AppArmor: AppArmor sha1 policy hashing enabled
[   19.046344] ima: No TPM chip found, activating TPM-bypass!
[   19.177907] evm: HMAC attrs: 0x1
[   19.283328]   Magic number: 5:682:50
[   19.403807] platform platform-framebuffer.0: hash matches
[   19.554469] rtc_cmos rtc_cmos: setting system clock to 2017-10-30 23:02:55 UTC (1509404575)
[   19.794982] BIOS EDD facility v0.16 2004-Jun-25, 0 devices found
[   19.825976] EDD information not available.
[   19.827909] Freeing unused kernel memory: 1492K
[   19.831431] Write protecting the kernel read-only data: 14336k
[   19.832777] Freeing unused kernel memory: 1748K
[   19.833843] Freeing unused kernel memory: 112K
Loading, please wait...
startin[   19.938552] random: systemd-udevd: uninitialized urandom read (16 bytes read, 3 bits of entropy available)
g version 229
[   19.939083] random: udevadm: uninitialized urandom read (16 bytes read, 3 bits of entropy available)
[   19.939112] random: udevadm: uninitialized urandom read (16 bytes read, 3 bits of entropy available)
[   19.939200] random: udevadm: uninitialized urandom read (16 bytes read, 3 bits of entropy available)
[   19.939232] random: udevadm: uninitialized urandom read (16 bytes read, 3 bits of entropy available)
[   19.939263] random: udevadm: uninitialized urandom read (16 bytes read, 3 bits of entropy available)
[   19.939294] random: udevadm: uninitialized urandom read (16 bytes read, 3 bits of entropy available)
[   19.939339] random: udevadm: uninitialized urandom read (16 bytes read, 3 bits of entropy available)
[   19.939369] random: udevadm: uninitialized urandom read (16 bytes read, 3 bits of entropy available)
[   19.939401] random: udevadm: uninitialized urandom read (16 bytes read, 3 bits of entropy available)
[   20.931778] e1000: Intel(R) PRO/1000 Network Driver - version 7.3.21-k8-NAPI
[   20.955782] e1000: Copyright (c) 1999-2006 Intel Corporation.
[   20.959423] Fusion MPT base driver 3.04.20
[   20.967607] Copyright (c) 1999-2008 LSI Corporation
[   21.010102] Fusion MPT SPI Host driver 3.04.20
[   21.095423] AVX version of gcm_enc/dec engaged.
[   21.144355] AES CTR mode by8 optimization enabled
[   21.203913] input: ImExPS/2 Generic Explorer Mouse as /devices/platform/i8042/serio1/input/input4
[   21.354693] e1000 0000:00:03.0 eth0: (PCI:33MHz:32-bit) 02:4c:96:80:3a:3c
[   21.354696] e1000 0000:00:03.0 eth0: Intel(R) PRO/1000 Network Connection
[   21.556591] e1000 0000:00:03.0 enp0s3: renamed from eth0
[   21.557386] mptbase: ioc0: Initiating bringup
[   21.619235] ioc0: LSI53C1030 A0: Capabilities={Initiator}
[   21.902853] scsi host2: ioc0: LSI53C1030 A0, FwRev=00000000h, Ports=1, MaxQ=256, IRQ=20
[   22.231656] scsi 2:0:0:0: Direct-Access     VBOX     HARDDISK         1.0  PQ: 0 ANSI: 5
[   22.457203] scsi target2:0:0: Beginning Domain Validation
[   22.594329] scsi target2:0:0: Domain Validation skipping write tests
[   22.775272] scsi target2:0:0: Ending Domain Validation
[   22.930533] scsi target2:0:0: asynchronous
[   23.050651] scsi 2:0:1:0: Direct-Access     VBOX     HARDDISK         1.0  PQ: 0 ANSI: 5
[   23.268437] scsi target2:0:1: Beginning Domain Validation
[   23.294275] scsi target2:0:1: Domain Validation skipping write tests
[   23.299880] scsi target2:0:1: Ending Domain Validation
[   23.339340] scsi target2:0:1: asynchronous
[   23.426525] sd 2:0:0:0: [sda] 20971520 512-byte logical blocks: (10.7 GB/10.0 GiB)
[   23.426560] sd 2:0:0:0: Attached scsi generic sg0 type 0
[   23.426933] sd 2:0:1:0: Attached scsi generic sg1 type 0
[   23.869793] sd 2:0:1:0: [sdb] 20480 512-byte logical blocks: (10.5 MB/10.0 MiB)
[   23.965756] sd 2:0:1:0: [sdb] Write Protect is off
[   24.069108] floppy0: no floppy controllers found
[   24.069128] sd 2:0:0:0: [sda] Write Protect is off
[   24.069244] sd 2:0:0:0: [sda] Incomplete mode parameter data
[   24.069245] sd 2:0:0:0: [sda] Assuming drive cache: write through
[   24.169609] sd 2:0:1:0: [sdb] Incomplete mode parameter data
[   24.169611] sd 2:0:1:0: [sdb] Assuming drive cache: write through
[   24.171436]  sda: sda1
[   24.171963] sd 2:0:0:0: [sda] Attached SCSI disk
[   24.172547] sd 2:0:1:0: [sdb] Attached SCSI disk
Begin: Loading e[   25.584805] md: linear personality registered for level -1
ssential drivers[   25.684799] md: multipath personality registered for level -4
 ... [   25.705987] md: raid0 personality registered for level 0
[   25.733207] md: raid1 personality registered for level 1
[   25.926807] raid6: sse2x1   gen()  8245 MB/s
[   26.062877] raid6: sse2x1   xor()  6916 MB/s
[   26.207028] raid6: sse2x2   gen() 12159 MB/s
[   26.307115] raid6: sse2x2   xor()  8169 MB/s
[   26.406741] raid6: sse2x4   gen() 13814 MB/s
[   26.474786] raid6: sse2x4   xor()  9851 MB/s
[   26.547296] raid6: using algorithm sse2x4 gen() 13814 MB/s
[   26.675827] raid6: .... xor() 9851 MB/s, rmw enabled
[   26.809502] raid6: using ssse3x2 recovery algorithm
[   26.887221] xor: automatically using best checksumming function:
[   27.094850]    avx       : 20083.000 MB/sec
[   27.214247] async_tx: api initialized (async)
[   27.227437] md: raid6 personality registered for level 6
[   27.251274] md: raid5 personality registered for level 5
[   27.317440] md: raid4 personality registered for level 4
[   27.379947] md: raid10 personality registered for level 10
done.
Begin: Running /scripts/init-premount ... done.
Begin: Mounting root file system ... Begin: Running /scripts/local-top ... done.
Begin: Running /scripts/local-premount ... [   27.555874] Btrfs loaded
Scanning for Btrfs filesystems
done.
Warning: fsck no[   27.625478] EXT4-fs (sda1): mounted filesystem with ordered data mode. Opts: (null)
t present, so skipping root file system
done.
Begin: Running /scripts/local-bottom ... done.
Begin: Running /scripts/init-bottom ... done.
[   27.768389] systemd[1]: systemd 229 running in system mode. (+PAM +AUDIT +SELINUX +IMA +APPARMOR +SMACK +SYSVINIT +UTMP +LIBCRYPTSETUP +GCRYPT +GNUTLS +ACL +XZ -LZ4 +SECCOMP +BLKID +ELFUTILS +KMOD -IDN)
[   28.200653] systemd[1]: Detected virtualization oracle.
[   28.350547] systemd[1]: Detected architecture x86-64.

Welcome to [1mUbuntu 16.04.2 LTS[0m!

[   28.516296] systemd[1]: Set hostname to <ubuntu-xenial>.
[   28.705695] systemd[1]: Reached target User and Group Name Lookups.
[[0;32m  OK  [0m] Reached target User and Group Name Lookups.
[   28.776063] systemd[1]: Reached target Swap.
[[0;32m  OK  [0m] Reached target Swap.
[   28.863323] systemd[1]: Listening on /dev/initctl Compatibility Named Pipe.
[[0;32m  OK  [0m] Listening on /dev/initctl Compatibility Named Pipe.
[   28.995026] systemd[1]: Reached target Encrypted Volumes.
[[0;32m  OK  [0m] Reached target Encrypted Volumes.
[   29.171273] systemd[1]: Started Trigger resolvconf update for networkd DNS.
[[0;32m  OK  [0m] Started Trigger resolvconf update for networkd DNS.
[   29.411671] systemd[1]: Listening on Journal Socket.
[[0;32m  OK  [0m] Listening on Journal Socket.
[   29.555762] systemd[1]: Listening on udev Kernel Socket.
[[0;32m  OK  [0m] Listening on udev Kernel Socket.
[   29.678810] systemd[1]: Listening on LVM2 metadata daemon socket.
[[0;32m  OK  [0m] Listening on LVM2 metadata daemon socket.
[   29.739327] systemd[1]: Listening on udev Control Socket.
[[0;32m  OK  [0m] Listening on udev Control Socket.
[   29.770940] systemd[1]: Listening on Syslog Socket.
[[0;32m  OK  [0m] Listening on Syslog Socket.
[   29.913196] systemd[1]: Listening on Journal Audit Socket.
[[0;32m  OK  [0m] Listening on Journal Audit Socket.
[   29.983060] systemd[1]: Started Forward Password Requests to Wall Directory Watch.
[[0;32m  OK  [0m] Started Forward Password Requests to Wall Directory Watch.
[   30.231352] systemd[1]: Created slice System Slice.
[[0;32m  OK  [0m] Created slice System Slice.
[   30.354818] systemd[1]: Mounting POSIX Message Queue File System...
         Mounting POSIX Message Queue File System...
[   30.443092] systemd[1]: Mounting Debug File System...
         Mounting Debug File System...
[   30.491132] systemd[1]: Mounting Huge Pages File System...
         Mounting Huge Pages File System...
[   30.691565] systemd[1]: Starting Load Kernel Modules...
[   30.761294] Loading iSCSI transport class v2.0-870.
         Starting Load Kernel Modules...
[   30.851953] iscsi: registered transport (tcp)
[   30.978044] systemd[1]: Starting Remount Root and Kernel File Systems...
         Starting Remount Root and Kernel File Systems...
[   30.981768] systemd[1]: Created slice User and Session Slice.
[   30.981841] EXT4-fs (sda1): re-mounted. Opts: (null)
[[0;32m  OK  [0m] Created slice User and Session Slice.
[   31.000092] systemd[1]: Reached target Slices.
[[0;32m  OK  [0m] Reached targ[   31.002025] iscsi: registered transport (iser)
et Slices.
[   31.150876] systemd[1]: Starting Create list of required static device nodes for the current kernel...
[   31.152712] random: nonblocking pool is initialized
         Starting Create list of required st... nodes for the current kernel...
[   31.510894] systemd[1]: Starting Uncomplicated firewall...
         Starting Uncomplicated firewall...
[   31.619204] systemd[1]: Listening on Journal Socket (/dev/log).
[[0;32m  OK  [0m] Listening on Journal Socket (/dev/log).
[   31.767220] systemd[1]: Starting Journal Service...
         Starting Journal Service...
[   31.803563] systemd[1]: Created slice system-serial\x2dgetty.slice.
[[0;32m  OK  [0m] Created slice system-serial\x2dgetty.slice.
[   31.861131] systemd[1]: Listening on LVM2 poll daemon socket.
[[0;32m  OK  [0m] Listening on LVM2 poll daemon socket.
[   31.890967] systemd[1]: Set up automount Arbitrary Executable File Formats File System Automount Point.
[[0;32m  OK  [0m] Set up automount Arbitrary Executab...ats File System Automount Point.
[   31.967006] systemd[1]: Starting Set console keymap...
         Starting Set console keymap...
[   32.014933] systemd[1]: Starting Nameserver information manager...
         Starting Nameserver information manager...
[   32.235342] systemd[1]: Listening on Device-mapper event daemon FIFOs.
[[0;32m  OK  [0m] Listening on Device-mapper event daemon FIFOs.
[   32.466894] systemd[1]: Starting Monitoring of LVM2 mirrors, snapshots etc. using dmeventd or progress polling...
         Starting Monitoring of LVM2 mirrors... dmeventd or progress polling...
[   32.647549] systemd[1]: Mounted Huge Pages File System.
[[0;32m  OK  [0m] Mounted Huge Pages File System.
[   32.663185] systemd[1]: Mounted POSIX Message Queue File System.
[[0;32m  OK  [0m] Mounted POSIX Message Queue File System.
[   32.878899] systemd[1]: Mounted Debug File System.
[[0;32m  OK  [0m] Mounted Debug File System.
[   32.889816] systemd[1]: Started Journal Service.
[[0;32m  OK  [0m] Started Journal Service.
[[0;32m  OK  [0m] Started Load Kernel Modules.
[[0;32m  OK  [0m] Started Remount Root and Kernel File Systems.
[[0;32m  OK  [0m] Started Create list of required sta...ce nodes for the current kernel.
[[0;32m  OK  [0m] Started Uncomplicated firewall.
[[0;32m  OK  [0m] Started Set console keymap.
[[0;32m  OK  [0m] Started Nameserver information manager.
[[0;32m  OK  [0m] Started LVM2 metadata daemon.
         Starting Create Static Device Nodes in /dev...
         Starting Initial cloud-init job (pre-networking)...
         Starting Load/Save Random Seed...
         Starting udev Coldplug all Devices...
         Mounting FUSE Control File System...
         Starting Apply Kernel Variables...
         Starting Flush Journal to Persistent Storage...
[[0;32m  OK  [0m] Mounted FUSE Control File System.
[[0;32m  OK  [0m] Started Create Static Device Nodes in /dev.
[[0;32m  OK  [0m] Started Load/Save Random Seed.
[[0;32m  OK  [0m] Started Apply Kernel Variables.
[[0;32m  OK  [0m] Started udev Coldplug all Devices.
[[0;32m  OK  [0m] Started Flush Journal to Persistent Storage.
         Starting udev Kernel Device Manager...
[[0;32m  OK  [0m] Started udev Kernel Device Manager.
[[0;32m  OK  [0m] Started Monitoring of LVM2 mirrors,...ng dmeventd or progress polling.
[[0;32m  OK  [0m] Reached target Local File Systems (Pre).
[[0;32m  OK  [0m] Reached target Local File Systems.
         Starting Create Volatile Files and Directories...
         Starting Tell Plymouth To Write Out Runtime Data...
         Starting LSB: AppArmor initialization...
         Starting Set console font and keymap...
[[0;32m  OK  [0m] Started Dispatch Password Requests to Console Directory Watch.
[[0;32m  OK  [0m] Started Create Volatile Files and Directories.
[[0;32m  OK  [0m] Started Tell Plymouth To Write Out Runtime Data.
[[0;32m  OK  [0m] Found device /dev/ttyS0.
[[0;32m  OK  [0m] Started LSB: AppArmor initialization.
[[0;32m  OK  [0m] Listening on Load/Save RF Kill Switch Status /dev/rfkill Watch.
         Starting Update UTMP about System Boot/Shutdown...
[[0;32m  OK  [0m] Reached target System Time Synchronized.
[   22.013547] cloud-init[449]: Cloud-init v. 0.7.9 running 'init-local' at Mon, 30 Oct 2017 23:03:10 +0000. Up 21.69 seconds.
[[0;32m  OK  [0m] Started Update UTMP about System Boot/Shutdown.
[[0;32m  OK  [0m] Started Set console font and keymap.
[[0;32m  OK  [0m] Started Initial cloud-init job (pre-networking).
[[0;32m  OK  [0m] Found device 82540EM Gigabit Ethern...r (PRO/1000 MT Desktop Adapter).
[[0;32m  OK  [0m] Reached target Network (Pre).
         Starting Raise network interfaces...
[[0;32m  OK  [0m] Started ifup for enp0s3.
[[0;32m  OK  [0m] Created slice system-getty.slice.
[[0;32m  OK  [0m] Started Raise network interfaces.
[[0;32m  OK  [0m] Reached target Network.
         Starting Initial cloud-init job (metadata service crawler)...
[   24.698368] cloud-init[964]: Cloud-init v. 0.7.9 running 'init' at Mon, 30 Oct 2017 23:03:13 +0000. Up 24.49 seconds.
[   24.728517] cloud-init[964]: ci-info: +++++++++++++++++++++++++++++++++++++Net device info++++++++++++++++++++++++++++++++++++++
[   24.776412] cloud-init[964]: ci-info: +--------+------+----------------------------+---------------+-------+-------------------+
[[0;32m  OK  [0m] Started Initial cloud-init job (metadata service crawler).
[   24.856678] cloud-init[964]: ci-info: | Device |  Up  |          Address           |      Mask     | Scope |     Hw-Address    |
[   24.992753] cloud-init[964]: ci-info: +--------+------+----------------------------+---------------+-------+-------------------+
[   25.077065] cloud-init[964]: ci-info: |   lo   | True |         127.0.0.1          |   255.0.0.0   |   .   |         .         |
[[0;32m  OK  [0m] Reached target System Initialization.
[   25.182336] cloud-init[964]: ci-info: |   lo   | True |          ::1/128           |       .       |  host |         .         |
[   25.297573] cloud-init[964]: ci-info: | enp0s3 | True |         10.0.2.15          | 255.255.255.0 |   .   | 02:4c:96:80:3a:3c |
         Starting LXD - unix socket.
[   25.374050] cloud-init[964]: ci-info: | enp0s3 | True | fe80::4c:96ff:fe80:3a3c/64 |       .       |  link | 02:4c:96:80:3a:3c |
[   25.517286] cloud-init[964]: ci-info: +--------+------+----------------------------+---------------+-------+-------------------+
[[0;32m  OK  [0m] Started Daily apt activities.
[   25.592997] cloud-init[964]: ci-info: +++++++++++++++++++++++++++Route IPv4 info++++++++++++++++++++++++++++
[   25.720820] cloud-init[964]: ci-info: +-------+-------------+----------+---------------+-----------+-------+
[[0;32m  OK  [0m] Started ACPI Events Check.
[[0;32m  OK  [0m] Reached target Paths.
[[0;32m  OK  [0m] Started Daily Cleanup of Temporary Directories.
[   25.815976] cloud-init[964]: ci-info: | Route | Destination | Gateway  |    Genmask    | Interface | Flags |
[[0;32m  OK  [0m] Listening on D-Bus System Message Bus Socket.
         Starting Socket activation for snappy daemon.
[[0;32m  OK  [0m] Listening on UUID daemon activation socket.
[   26.023619] cloud-init[964]: ci-info: +-------+-------------+----------+---------------+-----------+-------+
[   26.232886] cloud-init[964]: ci-info: |   0   |   0.0.0.0   | 10.0.2.2 |    0.0.0.0    |   enp0s3  |   UG  |
[   26.233956] cloud-init[964]: ci-info: |   1   |   10.0.2.0  | 0.0.0.0  | 255.255.255.0 |   enp0s3  |   U   |
[[0;32m  OK  [0m] Started Timer to automatically refresh installed snaps.
[   26.234412] cloud-init[964]: ci-info: +-------+-------------+----------+---------------+-----------+-------+
[[0;32m  OK  [0m] Reached target Timers.
[[0;32m  OK  [0m] Listening on ACPID Listen Socket.
[[0;32m  OK  [0m] Reached target Cloud-config availability.
[[0;32m  OK  [0m] Reached target Network is Online.
         Starting iSCSI initiator daemon (iscsid)...
[[0;32m  OK  [0m] Listening on LXD - unix socket.
[[0;32m  OK  [0m] Listening on Socket activation for snappy daemon.
[[0;32m  OK  [0m] Started iSCSI initiator daemon (iscsid).
         Starting Login to default iSCSI targets...
[[0;32m  OK  [0m] Reached target Sockets.
[[0;32m  OK  [0m] Reached target Basic System.
         Starting /etc/rc.local Compatibility...
[[0;32m  OK  [0m] Started Unattended Upgrades Shutdown.
[[0;32m  OK  [0m] Started FUSE filesystem for LXC.
[[0;32m  OK  [0m] Started D-Bus System Message Bus.
         Starting Daily apt activities...
[[0;32m  OK  [0m] Started Regular background program processing daemon.
[[0;32m  OK  [0m] Started Snappy daemon.
         Starting Auto import assertions from block devices...
[[0;32m  OK  [0m] Started Deferred execution scheduler.
         Starting Accounts Service...
         Starting LSB: Record successful boot for GRUB...
[[0;32m  OK  [0m] Started ACPI event daemon.
         Starting Login Service...
         Starting System Logging Service...
         Starting LSB: MD monitoring daemon...
         Starting OpenBSD Secure Shell server...
         Starting Apply the settings specified in cloud-config...
         Starting LXD - container startup/shutdown...
[[0;32m  OK  [0m] Started System Logging Service.
[[0;32m  OK  [0m] Started OpenBSD Secure Shell server.
[[0;32m  OK  [0m] Started /etc/rc.local Compatibility.
[[0;32m  OK  [0m] Started Auto import assertions from block devices.
[[0;32m  OK  [0m] Started LSB: Record successful boot for GRUB.
[[0;32m  OK  [0m] Started Login to default iSCSI targets.
[[0;32m  OK  [0m] Reached target Remote File Systems (Pre).
[[0;32m  OK  [0m] Reached target Remote File Systems.
         Starting LSB: Set the CPU Frequency Scaling governor to "ondemand"...
         Starting LSB: VirtualBox Linux Additions...
         Starting LSB: automatic crash report generation...
         Starting LSB: daemon to balance interrupts for SMP systems...
         Starting Permit User Sessions...
         Starting Authenticate and Authorize Users to Run Privileged Tasks...
[[0;32m  OK  [0m] Started LSB: MD monitoring daemon.
[[0;32m  OK  [0m] Started LXD - container startup/shutdown.
[[0;32m  OK  [0m] Started Permit User Sessions.
[[0;32m  OK  [0m] Started Login Service.
[[0;32m  OK  [0m] Started Authenticate and Authorize Users to Run Privileged Tasks.
[[0;32m  OK  [0m] Started Accounts Service.
[[0;32m  OK  [0m] Started LSB: Set the CPU Frequency Scaling governor to "ondemand".
         Starting Hold until boot process finishes up...
         Starting Terminate Plymouth Boot Screen...
[[0;32m  OK  [0m] Started LSB: VirtualBox Linux Additions.
[[0;32m  OK  [0m] Started LSB: automatic crash report generation.
[[0;32m  OK  [0m] Started LSB: daemon to balance interrupts for SMP systems.
[[0;32m  OK  [0m] Started Hold until boot process finishes up.
[[0;32m  OK  [0m] Started Terminate Plymouth Boot Screen.
[[0;32m  OK  [0m] Started Serial Getty on ttyS0.
         Starting Set console scheme...
[[0;32m  OK  [0m] Started Getty on tty1.
[[0;32m  OK  [0m] Reached target Login Prompts.
[[0;32m  OK  [0m] Reached target Multi-User System.
[[0;32m  OK  [0m] Reached target Graphical Interface.
         Starting Update UTMP about System Runlevel Changes...
[[0;32m  OK  [0m] Started Set console scheme.
[[0;32m  OK  [0m] Started Update UTMP about System Runlevel Changes.
[   28.333892] cloud-init[1102]: Cloud-init v. 0.7.9 running 'modules:config' at Mon, 30 Oct 2017 23:03:17 +0000. Up 28.26 seconds.
[[0;32m  OK  [0m] Started Apply the settings specified in cloud-config.
         Starting Execute cloud user/final scripts...
[   28.870196] cloud-init[1295]: Cloud-init v. 0.7.9 running 'modules:final' at Mon, 30 Oct 2017 23:03:17 +0000. Up 28.78 seconds.
[   28.893372] cloud-init[1295]: Cloud-init v. 0.7.9 finished at Mon, 30 Oct 2017 23:03:17 +0000. Datasource DataSourceNoCloud [seed=/dev/sdb][dsmode=net].  Up 28.86 seconds
[[0;32m  OK  [0m] Started Execute cloud user/final scripts.
[[0;32m  OK  [0m] Reached target Cloud-init target.
[[0;32m  OK  [0m] Created slice User Slice of ubuntu.
         Starting User Manager for UID 1000...
[[0;32m  OK  [0m] Started Session 1 of user ubuntu.
[[0;32m  OK  [0m] Started User Manager for UID 1000.
         Stopping User Manager for UID 1000...
[[0;32m  OK  [0m] Stopped User Manager for UID 1000.
[[0;32m  OK  [0m] Removed slice User Slice of ubuntu.

Ubuntu 16.04.2 LTS ubuntu-xenial ttyS0

ubuntu-xenial login: 