[    0.000000] Initializing cgroup subsys cpuset
[    0.000000] Initializing cgroup subsys cpu
[    0.000000] Initializing cgroup subsys cpuacct
[    0.000000] Linux version 4.4.0-83-generic (buildd@lgw01-29) (gcc version 5.4.0 20160609 (Ubuntu 5.4.0-6ubuntu1~16.04.4) ) #106-Ubuntu SMP Mon Jun 26 17:54:43 UTC 2017 (Ubuntu 4.4.0-83.106-generic 4.4.70)
[    0.000000] Command line: BOOT_IMAGE=/boot/vmlinuz-4.4.0-83-generic root=UUID=8bf37a84-9284-4ad9-adbd-60affffbca26 ro console=tty1 console=ttyS0
[    0.000000] KERNEL supported cpus:
[    0.000000]   Intel GenuineIntel
[    0.000000]   AMD AuthenticAMD
[    0.000000]   Centaur CentaurHauls
[    0.000000] x86/fpu: xstate_offset[2]:  576, xstate_sizes[2]:  256
[    0.000000] x86/fpu: Supporting XSAVE feature 0x01: 'x87 floating point registers'
[    0.000000] x86/fpu: Supporting XSAVE feature 0x02: 'SSE registers'
[    0.000000] x86/fpu: Supporting XSAVE feature 0x04: 'AVX registers'
[    0.000000] x86/fpu: Enabled xstate features 0x7, context size is 832 bytes, using 'standard' format.
[    0.000000] x86/fpu: Using 'lazy' FPU context switches.
[    0.000000] e820: BIOS-provided physical RAM map:
[    0.000000] BIOS-e820: [mem 0x0000000000000000-0x000000000009fbff] usable
[    0.000000] BIOS-e820: [mem 0x000000000009fc00-0x000000000009ffff] reserved
[    0.000000] BIOS-e820: [mem 0x00000000000f0000-0x00000000000fffff] reserved
[    0.000000] BIOS-e820: [mem 0x0000000000100000-0x000000003ffeffff] usable
[    0.000000] BIOS-e820: [mem 0x000000003fff0000-0x000000003fffffff] ACPI data
[    0.000000] BIOS-e820: [mem 0x00000000fec00000-0x00000000fec00fff] reserved
[    0.000000] BIOS-e820: [mem 0x00000000fee00000-0x00000000fee00fff] reserved
[    0.000000] BIOS-e820: [mem 0x00000000fffc0000-0x00000000ffffffff] reserved
[    0.000000] NX (Execute Disable) protection: active
[    0.000000] SMBIOS 2.5 present.
[    0.000000] Hypervisor detected: KVM
[    0.000000] e820: last_pfn = 0x3fff0 max_arch_pfn = 0x400000000
[    0.000000] MTRR: Disabled
[    0.000000] x86/PAT: MTRRs disabled, skipping PAT initialization too.
[    0.000000] x86/PAT: Configuration [0-7]: WB  WT  UC- UC  WB  WT  UC- UC  
[    0.000000] CPU MTRRs all blank - virtualized system.
[    0.000000] found SMP MP-table at [mem 0x0009fff0-0x0009ffff] mapped at [ffff88000009fff0]
[    0.000000] Scanning 1 areas for low memory corruption
[    0.000000] RAMDISK: [mem 0x36238000-0x37113fff]
[    0.000000] ACPI: Early table checksum verification disabled
[    0.000000] ACPI: RSDP 0x00000000000E0000 000024 (v02 VBOX  )
[    0.000000] ACPI: XSDT 0x000000003FFF0030 00003C (v01 VBOX   VBOXXSDT 00000001 ASL  00000061)
[    0.000000] ACPI: FACP 0x000000003FFF00F0 0000F4 (v04 VBOX   VBOXFACP 00000001 ASL  00000061)
[    0.000000] ACPI: DSDT 0x000000003FFF0470 0021C8 (v02 VBOX   VBOXBIOS 00000002 INTL 20100528)
[    0.000000] ACPI: FACS 0x000000003FFF0200 000040
[    0.000000] ACPI: FACS 0x000000003FFF0200 000040
[    0.000000] ACPI: APIC 0x000000003FFF0240 00005C (v02 VBOX   VBOXAPIC 00000001 ASL  00000061)
[    0.000000] ACPI: SSDT 0x000000003FFF02A0 0001CC (v01 VBOX   VBOXCPUT 00000002 INTL 20100528)
[    0.000000] No NUMA configuration found
[    0.000000] Faking a node at [mem 0x0000000000000000-0x000000003ffeffff]
[    0.000000] NODE_DATA(0) allocated [mem 0x3ffeb000-0x3ffeffff]
[    0.000000] kvm-clock: Using msrs 4b564d01 and 4b564d00
[    0.000000] kvm-clock: cpu 0, msr 0:3ffe3001, primary cpu clock
[    0.000000] kvm-clock: using sched offset of 3082202433 cycles
[    0.000000] clocksource: kvm-clock: mask: 0xffffffffffffffff max_cycles: 0x1cd42e4dffb, max_idle_ns: 881590591483 ns
[    0.000000] Zone ranges:
[    0.000000]   DMA      [mem 0x0000000000001000-0x0000000000ffffff]
[    0.000000]   DMA32    [mem 0x0000000001000000-0x000000003ffeffff]
[    0.000000]   Normal   empty
[    0.000000]   Device   empty
[    0.000000] Movable zone start for each node
[    0.000000] Early memory node ranges
[    0.000000]   node   0: [mem 0x0000000000001000-0x000000000009efff]
[    0.000000]   node   0: [mem 0x0000000000100000-0x000000003ffeffff]
[    0.000000] Initmem setup node 0 [mem 0x0000000000001000-0x000000003ffeffff]
[    0.000000] ACPI: PM-Timer IO Port: 0x4008
[    0.000000] IOAPIC[0]: apic_id 2, version 32, address 0xfec00000, GSI 0-23
[    0.000000] ACPI: INT_SRC_OVR (bus 0 bus_irq 0 global_irq 2 dfl dfl)
[    0.000000] ACPI: INT_SRC_OVR (bus 0 bus_irq 9 global_irq 9 high level)
[    0.000000] Using ACPI (MADT) for SMP configuration information
[    0.000000] smpboot: Allowing 2 CPUs, 0 hotplug CPUs
[    0.000000] PM: Registered nosave memory: [mem 0x00000000-0x00000fff]
[    0.000000] PM: Registered nosave memory: [mem 0x0009f000-0x0009ffff]
[    0.000000] PM: Registered nosave memory: [mem 0x000a0000-0x000effff]
[    0.000000] PM: Registered nosave memory: [mem 0x000f0000-0x000fffff]
[    0.000000] e820: [mem 0x40000000-0xfebfffff] available for PCI devices
[    0.000000] Booting paravirtualized kernel on KVM
[    0.000000] clocksource: refined-jiffies: mask: 0xffffffff max_cycles: 0xffffffff, max_idle_ns: 7645519600211568 ns
[    0.000000] setup_percpu: NR_CPUS:512 nr_cpumask_bits:512 nr_cpu_ids:2 nr_node_ids:1
[    0.000000] PERCPU: Embedded 33 pages/cpu @ffff88003fc00000 s98264 r8192 d28712 u1048576
[    0.000000] PV qspinlock hash table entries: 256 (order: 0, 4096 bytes)
[    0.000000] Built 1 zonelists in Node order, mobility grouping on.  Total pages: 257913
[    0.000000] Policy zone: DMA32
[    0.000000] Kernel command line: BOOT_IMAGE=/boot/vmlinuz-4.4.0-83-generic root=UUID=8bf37a84-9284-4ad9-adbd-60affffbca26 ro console=tty1 console=ttyS0
[    0.000000] PID hash table entries: 4096 (order: 3, 32768 bytes)
[    0.000000] Memory: 997360K/1048120K available (8469K kernel code, 1294K rwdata, 3984K rodata, 1488K init, 1316K bss, 50760K reserved, 0K cma-reserved)
[    0.000000] SLUB: HWalign=64, Order=0-3, MinObjects=0, CPUs=2, Nodes=1
[    0.000000] Hierarchical RCU implementation.
[    0.000000] 	Build-time adjustment of leaf fanout to 64.
[    0.000000] 	RCU restricting CPUs from NR_CPUS=512 to nr_cpu_ids=2.
[    0.000000] RCU: Adjusting geometry for rcu_fanout_leaf=64, nr_cpu_ids=2
[    0.000000] NR_IRQS:33024 nr_irqs:440 16
[    0.000000] Console: colour VGA+ 80x25
[    0.000000] console [tty1] enabled
[    0.000000] console [ttyS0] enabled
[    0.000000] tsc: Detected 2394.464 MHz processor
[   14.287521] Calibrating delay loop (skipped) preset value.. 4788.92 BogoMIPS (lpj=9577856)
[   14.492696] pid_max: default: 32768 minimum: 301
[   14.600638] ACPI: Core revision 20150930
[   14.713551] ACPI: 2 ACPI AML tables successfully acquired and loaded
[   14.903735] Security Framework initialized
[   15.025959] Yama: becoming mindful.
[   15.026603] AppArmor: AppArmor initialized
[   15.031611] Dentry cache hash table entries: 131072 (order: 8, 1048576 bytes)
[   15.177293] Inode-cache hash table entries: 65536 (order: 7, 524288 bytes)
[   15.400797] Mount-cache hash table entries: 2048 (order: 2, 16384 bytes)
[   15.625930] Mountpoint-cache hash table entries: 2048 (order: 2, 16384 bytes)
[   15.840217] Initializing cgroup subsys io
[   15.959101] Initializing cgroup subsys memory
[   16.079977] Initializing cgroup subsys devices
[   16.211783] Initializing cgroup subsys freezer
[   16.352877] Initializing cgroup subsys net_cls
[   16.496984] Initializing cgroup subsys perf_event
[   16.631604] Initializing cgroup subsys net_prio
[   16.763658] Initializing cgroup subsys hugetlb
[   16.918913] Initializing cgroup subsys pids
[   17.058974] CPU: Physical Processor ID: 0
[   17.146974] CPU: Processor Core ID: 0
[   17.148412] mce: CPU supports 0 MCE banks
[   17.211030] Last level iTLB entries: 4KB 1024, 2MB 1024, 4MB 1024
[   17.408228] Last level dTLB entries: 4KB 1024, 2MB 1024, 4MB 1024, 1GB 4
[   17.627036] Freeing SMP alternatives memory: 32K (ffffffff820b9000 - ffffffff820c1000)
[   17.898905] ftrace: allocating 32129 entries in 126 pages
[   18.110103] smpboot: APIC(0) Converting physical 0 to logical package 0
[   18.274309] smpboot: Max logical packages: 1
[   18.413607] x2apic enabled
[   18.503080] Switched APIC routing to physical x2apic.
[   18.666540] ..TIMER: vector=0x30 apic1=0 pin1=2 apic2=-1 pin2=-1
[   18.970471] smpboot: CPU0: Intel(R) Core(TM) i7-4700HQ CPU @ 2.40GHz (family: 0x6, model: 0x3c, stepping: 0x3)
[   19.232403] Performance Events: unsupported p6 CPU model 60 no PMU driver, software events only.
[   19.250670] KVM setup paravirtual spinlock
[   19.362131] x86: Booting SMP configuration:
[   19.498623] .... node  #0, CPUs:      #1
[   19.619087] kvm-clock: cpu 1, msr 0:3ffe3041, secondary cpu clock
[   19.659899] mce: CPU supports 0 MCE banks
[   19.662301] x86: Booted up 1 node, 2 CPUs
[   19.781521] smpboot: Total of 2 processors activated (9577.85 BogoMIPS)
[   19.976819] devtmpfs: initialized
[   20.073674] evm: security.selinux
[   20.163544] evm: security.SMACK64
[   20.247605] evm: security.SMACK64EXEC
[   20.282206] evm: security.SMACK64TRANSMUTE
[   20.346051] evm: security.SMACK64MMAP
[   20.440518] evm: security.ima
[   20.537085] evm: security.capability
[   20.652900] clocksource: jiffies: mask: 0xffffffff max_cycles: 0xffffffff, max_idle_ns: 7645041785100000 ns
[   20.960810] futex hash table entries: 512 (order: 3, 32768 bytes)
[   21.165238] pinctrl core: initialized pinctrl subsystem
[   21.315790] RTC time: 12:38:33, date: 07/01/17
[   21.332604] NET: Registered protocol family 16
[   21.442202] cpuidle: using governor ladder
[   21.585133] cpuidle: using governor menu
[   21.657991] PCCT header not found.
[   21.763152] ACPI: bus type PCI registered
[   21.892744] acpiphp: ACPI Hot Plug PCI Controller Driver version: 0.5
[   22.100488] PCI: Using configuration type 1 for base access
[   22.296353] ACPI: Added _OSI(Module Device)
[   22.390140] ACPI: Added _OSI(Processor Device)
[   22.507740] ACPI: Added _OSI(3.0 _SCP Extensions)
[   22.658367] ACPI: Added _OSI(Processor Aggregator Device)
[   22.792636] ACPI: Executed 1 blocks of module-level executable AML code
[   22.812998] ACPI: Interpreter enabled
[   22.934050] ACPI: (supports S0 S5)
[   23.044089] ACPI: Using IOAPIC for interrupt routing
[   23.206390] PCI: Using host bridge windows from ACPI; if necessary, use "pci=nocrs" and report a bug
[   23.466000] ACPI: PCI Root Bridge [PCI0] (domain 0000 [bus 00-ff])
[   23.642098] acpi PNP0A03:00: _OSC: OS supports [ASPM ClockPM Segments MSI]
[   23.865774] acpi PNP0A03:00: _OSC failed (AE_NOT_FOUND); disabling ASPM
[   24.081927] acpi PNP0A03:00: fail to add MMCONFIG information, can't access extended PCI configuration space under this bridge.
[   24.467714] PCI host bridge to bus 0000:00
[   24.541659] pci_bus 0000:00: root bus resource [io  0x0000-0x0cf7 window]
[   24.583874] pci_bus 0000:00: root bus resource [io  0x0d00-0xffff window]
[   24.584845] pci_bus 0000:00: root bus resource [mem 0x000a0000-0x000bffff window]
[   24.591541] pci_bus 0000:00: root bus resource [mem 0x40000000-0xffdfffff window]
[   24.592755] pci_bus 0000:00: root bus resource [bus 00-ff]
[   24.595191] pci 0000:00:01.1: legacy IDE quirk: reg 0x10: [io  0x01f0-0x01f7]
[   24.602403] pci 0000:00:01.1: legacy IDE quirk: reg 0x14: [io  0x03f6]
[   24.603312] pci 0000:00:01.1: legacy IDE quirk: reg 0x18: [io  0x0170-0x0177]
[   24.604345] pci 0000:00:01.1: legacy IDE quirk: reg 0x1c: [io  0x0376]
[   24.625859] pci 0000:00:07.0: quirk: [io  0x4000-0x403f] claimed by PIIX4 ACPI
[   24.628550] pci 0000:00:07.0: quirk: [io  0x4100-0x410f] claimed by PIIX4 SMB
[   24.634179] ACPI: PCI Interrupt Link [LNKA] (IRQs 5 9 10 *11)
[   24.804834] ACPI: PCI Interrupt Link [LNKB] (IRQs 5 9 10 *11)
[   24.912044] ACPI: PCI Interrupt Link [LNKC] (IRQs 5 9 *10 11)
[   25.068285] ACPI: PCI Interrupt Link [LNKD] (IRQs 5 *9 10 11)
[   25.236889] ACPI: Enabled 2 GPEs in block 00 to 07
[   25.390030] vgaarb: setting as boot device: PCI:0000:00:02.0
[   25.549983] vgaarb: device added: PCI:0000:00:02.0,decodes=io+mem,owns=io+mem,locks=none
[   25.738916] vgaarb: loaded
[   25.826143] vgaarb: bridge control possible 0000:00:02.0
[   26.000084] SCSI subsystem initialized
[   26.115486] ACPI: bus type USB registered
[   26.246023] usbcore: registered new interface driver usbfs
[   26.416671] usbcore: registered new interface driver hub
[   26.576290] usbcore: registered new device driver usb
[   26.640251] PCI: Using ACPI for IRQ routing
[   26.784185] NetLabel: Initializing
[   26.889499] NetLabel:  domain hash size = 128
[   27.026171] NetLabel:  protocols = UNLABELED CIPSOv4
[   27.179759] NetLabel:  unlabeled traffic allowed by default
[   27.348522] amd_nb: Cannot enumerate AMD northbridges
[   27.518063] clocksource: Switched to clocksource kvm-clock
[   27.679033] AppArmor: AppArmor Filesystem Enabled
[   27.834394] pnp: PnP ACPI init
[   27.946387] pnp: PnP ACPI: found 3 devices
[   28.077902] clocksource: acpi_pm: mask: 0xffffff max_cycles: 0xffffff, max_idle_ns: 2085701024 ns
[   28.118912] NET: Registered protocol family 2
[   28.119719] TCP established hash table entries: 8192 (order: 4, 65536 bytes)
[   28.120736] TCP bind hash table entries: 8192 (order: 5, 131072 bytes)
[   28.121685] TCP: Hash tables configured (established 8192 bind 8192)
[   28.122638] UDP hash table entries: 512 (order: 2, 16384 bytes)
[   28.123517] UDP-Lite hash table entries: 512 (order: 2, 16384 bytes)
[   28.124465] NET: Registered protocol family 1
[   28.230068] pci 0000:00:00.0: Limiting direct PCI/PCI transfers
[   28.446256] pci 0000:00:01.0: Activating ISA DMA hang workarounds
[   28.636318] Unpacking initramfs...
[   28.928668] Freeing initrd memory: 15216K (ffff880036238000 - ffff880037114000)
[   29.163650] RAPL PMU detected, API unit is 2^-32 Joules, 4 fixed counters 10737418240 ms ovfl timer
[   29.388412] hw unit of domain pp0-core 2^-0 Joules
[   29.454034] hw unit of domain package 2^-0 Joules
[   29.588121] hw unit of domain dram 2^-0 Joules
[   29.717190] hw unit of domain pp1-gpu 2^-0 Joules
[   29.753054] platform rtc_cmos: registered platform RTC device (no PNP device found)
[   29.770598] Scanning for low memory corruption every 60 seconds
[   29.927802] audit: initializing netlink subsys (disabled)
[   30.093525] audit: type=2000 audit(1498912699.515:1): initialized
[   30.286476] Initialise system trusted keyring
[   30.425329] HugeTLB registered 2 MB page size, pre-allocated 0 pages
[   30.645029] zbud: loaded
[   30.706097] VFS: Disk quotas dquot_6.6.0
[   30.750189] tsc: Refined TSC clocksource calibration: 2394.669 MHz
[   30.750191] clocksource: tsc: mask: 0xffffffffffffffff max_cycles: 0x22848b7db1d, max_idle_ns: 440795277276 ns
[   31.305662] VFS: Dquot-cache hash table entries: 512 (order 0, 4096 bytes)
[   31.531803] squashfs: version 4.0 (2009/01/31) Phillip Lougher
[   31.713524] fuse init (API version 7.23)
[   31.833885] Key type big_key registered
[   31.902676] Allocating IMA MOK and blacklist keyrings.
[   32.067231] Key type asymmetric registered
[   32.089961] Asymmetric key parser 'x509' registered
[   32.216996] Block layer SCSI generic (bsg) driver version 0.4 loaded (major 249)
[   32.467157] io scheduler noop registered
[   32.612599] io scheduler deadline registered (default)
[   32.774823] io scheduler cfq registered
[   32.889473] pci_hotplug: PCI Hot Plug PCI Core version: 0.5
[   32.918818] pciehp: PCI Express Hot Plug Controller Driver version: 0.4
[   33.130288] ACPI: AC Adapter [AC] (on-line)
[   33.275281] input: Power Button as /devices/LNXSYSTM:00/LNXPWRBN:00/input/input0
[   33.546077] ACPI: Power Button [PWRF]
[   33.668501] input: Sleep Button as /devices/LNXSYSTM:00/LNXSLPBN:00/input/input1
[   33.934402] ACPI: Sleep Button [SLPF]
[   33.976547] ACPI: Battery Slot [BAT0] (battery present)
[   33.986141] GHES: HEST is not enabled!
[   34.129473] Serial: 8250/16550 driver, 32 ports, IRQ sharing enabled
[   34.377199] 00:02: ttyS0 at I/O 0x3f8 (irq = 4, base_baud = 115200) is a 16550A
[   34.644386] Linux agpgart interface v0.103
[   34.779264] loop: module loaded
[   34.889909] scsi host0: ata_piix
[   35.001123] scsi host1: ata_piix
[   35.023220] ata1: PATA max UDMA/33 cmd 0x1f0 ctl 0x3f6 bmdma 0xd000 irq 14
[   35.236859] ata2: PATA max UDMA/33 cmd 0x170 ctl 0x376 bmdma 0xd008 irq 15
[   35.460616] libphy: Fixed MDIO Bus: probed
[   35.577341] tun: Universal TUN/TAP device driver, 1.6
[   35.713202] tun: (C) 1999-2004 Max Krasnyansky <maxk@qualcomm.com>
[   35.907917] PPP generic driver version 2.4.2
[   36.050979] ehci_hcd: USB 2.0 'Enhanced' Host Controller (EHCI) Driver
[   36.231833] ehci-pci: EHCI PCI platform driver
[   36.397134] ehci-platform: EHCI generic platform driver
[   36.581351] ohci_hcd: USB 1.1 'Open' Host Controller (OHCI) Driver
[   36.792434] ohci-pci: OHCI PCI platform driver
[   36.946798] ohci-platform: OHCI generic platform driver
[   37.109952] uhci_hcd: USB Universal Host Controller Interface driver
[   37.117342] i8042: PNP: PS/2 Controller [PNP0303:PS2K,PNP0f03:PS2M] at 0x60,0x64 irq 1,12
[   37.143091] serio: i8042 KBD port at 0x60,0x64 irq 1
[   37.329831] serio: i8042 AUX port at 0x60,0x64 irq 12
[   37.472314] mousedev: PS/2 mouse device common for all mice
[   37.652819] rtc_cmos rtc_cmos: rtc core: registered rtc_cmos as rtc0
[   37.887054] input: AT Translated Set 2 keyboard as /devices/platform/i8042/serio0/input/input2
[   38.167418] rtc_cmos rtc_cmos: alarms up to one day, 114 bytes nvram
[   38.266375] i2c /dev entries driver
[   38.360981] device-mapper: uevent: version 1.0.3
[   38.474209] device-mapper: ioctl: 4.34.0-ioctl (2015-10-28) initialised: dm-devel@redhat.com
[   38.476953] ledtrig-cpu: registered to indicate activity on CPUs
[   38.584480] NET: Registered protocol family 10
[   38.732460] NET: Registered protocol family 17
[   38.890899] Key type dns_resolver registered
[   39.032581] microcode: CPU0 sig=0x306c3, pf=0x40, revision=0x0
[   39.231119] microcode: CPU1 sig=0x306c3, pf=0x40, revision=0x0
[   39.385728] microcode: Microcode Update Driver: v2.01 <tigran@aivazian.fsnet.co.uk>, Peter Oruba
[   39.709905] registered taskstats version 1
[   39.844503] Loading compiled-in X.509 certificates
[   40.004801] Loaded X.509 cert 'Build time autogenerated kernel key: 35105354eb779045e4d9ad793dead39d5ee93f76'
[   40.345197] zswap: loaded using pool lzo/zbud
[   40.493416] Key type trusted registered
[   40.617117] Key type encrypted registered
[   40.746719] AppArmor: AppArmor sha1 policy hashing enabled
[   40.924369] ima: No TPM chip found, activating TPM-bypass!
[   41.106510] evm: HMAC attrs: 0x1
[   41.169676]   Magic number: 9:931:631
[   41.295137] rtc_cmos rtc_cmos: setting system clock to 2017-07-01 12:38:53 UTC (1498912733)
[   41.558181] BIOS EDD facility v0.16 2004-Jun-25, 0 devices found
[   41.758413] EDD information not available.
[   41.897063] Freeing unused kernel memory: 1488K (ffffffff81f45000 - ffffffff820b9000)
[   42.158397] Write protecting the kernel read-only data: 14336k
[   42.359299] Freeing unused kernel memory: 1760K (ffff880001848000 - ffff880001a00000)
[   42.371425] Freeing unused kernel memory: 112K (ffff880001de4000 - ffff880001e00000)
Loading, please [   42.626737] random: systemd-udevd: uninitialized urandom read (16 bytes read, 5 bits of entropy available)
wait...
startin[   42.627143] random: udevadm: uninitialized urandom read (16 bytes read, 5 bits of entropy available)
g version 229
[   42.627169] random: udevadm: uninitialized urandom read (16 bytes read, 5 bits of entropy available)
[   42.627274] random: udevadm: uninitialized urandom read (16 bytes read, 5 bits of entropy available)
[   42.627305] random: udevadm: uninitialized urandom read (16 bytes read, 5 bits of entropy available)
[   42.627334] random: udevadm: uninitialized urandom read (16 bytes read, 5 bits of entropy available)
[   42.627364] random: udevadm: uninitialized urandom read (16 bytes read, 5 bits of entropy available)
[   42.627393] random: udevadm: uninitialized urandom read (16 bytes read, 5 bits of entropy available)
[   42.627420] random: udevadm: uninitialized urandom read (16 bytes read, 5 bits of entropy available)
[   42.627447] random: udevadm: uninitialized urandom read (16 bytes read, 5 bits of entropy available)
[   45.449058] e1000: Intel(R) PRO/1000 Network Driver - version 7.3.21-k8-NAPI
[   45.614578] e1000: Copyright (c) 1999-2006 Intel Corporation.
[   45.661053] Fusion MPT base driver 3.04.20
[   45.762619] Copyright (c) 1999-2008 LSI Corporation
[   45.903646] Fusion MPT SPI Host driver 3.04.20
[   45.913050] AVX version of gcm_enc/dec engaged.
[   45.920390] AES CTR mode by8 optimization enabled
[   46.104974] input: ImExPS/2 Generic Explorer Mouse as /devices/platform/i8042/serio1/input/input4
[   46.229790] e1000 0000:00:03.0 eth0: (PCI:33MHz:32-bit) 02:4c:96:80:3a:3c
[   46.229794] e1000 0000:00:03.0 eth0: Intel(R) PRO/1000 Network Connection
[   46.549740] e1000 0000:00:03.0 enp0s3: renamed from eth0
[   46.550566] mptbase: ioc0: Initiating bringup
[   46.615461] ioc0: LSI53C1030 A0: Capabilities={Initiator}
[   46.948277] scsi host2: ioc0: LSI53C1030 A0, FwRev=00000000h, Ports=1, MaxQ=256, IRQ=20
[   47.350005] scsi 2:0:0:0: Direct-Access     VBOX     HARDDISK         1.0  PQ: 0 ANSI: 5
[   47.631483] scsi target2:0:0: Beginning Domain Validation
[   47.789006] scsi target2:0:0: Domain Validation skipping write tests
[   47.991153] scsi target2:0:0: Ending Domain Validation
[   48.163868] scsi target2:0:0: asynchronous
[   48.301837] scsi 2:0:1:0: Direct-Access     VBOX     HARDDISK         1.0  PQ: 0 ANSI: 5
[   48.562774] scsi target2:0:1: Beginning Domain Validation
[   48.734129] scsi target2:0:1: Domain Validation skipping write tests
[   48.954479] scsi target2:0:1: Ending Domain Validation
[   49.121087] floppy0: no floppy controllers found
[   49.121141] scsi target2:0:1: asynchronous
[   49.258831] sd 2:0:0:0: Attached scsi generic sg0 type 0
[   49.259006] sd 2:0:0:0: [sda] 20971520 512-byte logical blocks: (10.7 GB/10.0 GiB)
[   49.259034] sd 2:0:1:0: Attached scsi generic sg1 type 0
[   49.259192] sd 2:0:0:0: [sda] Write Protect is off
[   49.259202] sd 2:0:1:0: [sdb] 20480 512-byte logical blocks: (10.5 MB/10.0 MiB)
[   49.259340] sd 2:0:0:0: [sda] Incomplete mode parameter data
[   49.259341] sd 2:0:0:0: [sda] Assuming drive cache: write through
[   49.259428] sd 2:0:1:0: [sdb] Write Protect is off
[   49.259617] sd 2:0:1:0: [sdb] Incomplete mode parameter data
[   49.259627] sd 2:0:1:0: [sdb] Assuming drive cache: write through
[   49.261266]  sda: sda1
[   49.261610] sd 2:0:0:0: [sda] Attached SCSI disk
[   49.262298] sd 2:0:1:0: [sdb] Attached SCSI disk
Begin: Loading e[   50.656161] md: linear personality registered for level -1
ssential drivers[   50.805212] md: multipath personality registered for level -4
 ... [   50.933704] md: raid0 personality registered for level 0
[   51.107246] md: raid1 personality registered for level 1
[   51.346359] raid6: sse2x1   gen() 10106 MB/s
[   51.542475] raid6: sse2x1   xor()  7846 MB/s
[   51.734099] raid6: sse2x2   gen() 12668 MB/s
[   51.934250] raid6: sse2x2   xor()  8495 MB/s
[   52.006298] raid6: sse2x4   gen() 14310 MB/s
[   52.210458] raid6: sse2x4   xor() 10341 MB/s
[   52.358883] raid6: using algorithm sse2x4 gen() 14310 MB/s
[   52.526017] raid6: .... xor() 10341 MB/s, rmw enabled
[   52.694535] raid6: using ssse3x2 recovery algorithm
[   52.858709] xor: automatically using best checksumming function:
[   53.030506]    avx       : 21972.000 MB/sec
[   53.170248] async_tx: api initialized (async)
[   53.307093] md: raid6 personality registered for level 6
[   53.495245] md: raid5 personality registered for level 5
[   53.669883] md: raid4 personality registered for level 4
[   53.834129] md: raid10 personality registered for level 10
done.
Begin: Running /scripts/init-premount ...[   54.000882] Btrfs loaded
 done.
Begin: Mounting root file system ... Begin: Running /scripts/local-top ... done.
Begin: Running /scripts/local-premount ... Scanning for Btrfs filesystems
done.
Warning: fsck no[   54.100114] EXT4-fs (sda1): mounted filesystem with ordered data mode. Opts: (null)
t present, so skipping root file system
done.
Begin: Running /scripts/local-bottom ... done.
Begin: Running /scripts/init-bottom ... done.
[   54.403703] systemd[1]: systemd 229 running in system mode. (+PAM +AUDIT +SELINUX +IMA +APPARMOR +SMACK +SYSVINIT +UTMP +LIBCRYPTSETUP +GCRYPT +GNUTLS +ACL +XZ -LZ4 +SECCOMP +BLKID +ELFUTILS +KMOD -IDN)
[   54.984672] systemd[1]: Detected virtualization oracle.
[   55.096067] systemd[1]: Detected architecture x86-64.

Welcome to [1mUbuntu 16.04.2 LTS[0m!

[   55.143699] systemd[1]: Set hostname to <ubuntu-xenial>.
[   55.418328] systemd[1]: Listening on Journal Socket.
[[0;32m  OK  [0m] Listening on Journal Socket.
[   55.608610] systemd[1]: Listening on Syslog Socket.
[[0;32m  OK  [0m] Listening on Syslog Socket.
[   55.774811] systemd[1]: Started Forward Password Requests to Wall Directory Watch.
[[0;32m  OK  [0m] Started Forward Password Requests to Wall Directory Watch.
[   56.026999] systemd[1]: Reached target Swap.
[[0;32m  OK  [0m] Reached target Swap.
[   56.093396] systemd[1]: Listening on /dev/initctl Compatibility Named Pipe.
[[0;32m  OK  [0m] Listening on /dev/initctl Compatibility Named Pipe.
[   56.096362] systemd[1]: Started Trigger resolvconf update for networkd DNS.
[[0;32m  OK  [0m] Started Trigger resolvconf update for networkd DNS.
[   56.113477] systemd[1]: Listening on udev Control Socket.
[[0;32m  OK  [0m] Listening on udev Control Socket.
[   56.162825] systemd[1]: Created slice System Slice.
[[0;32m  OK  [0m] Created slice System Slice.
[   56.278560] systemd[1]: Mounting Debug File System...
         Mounting Debug File System...
[   56.498361] systemd[1]: Starting Load Kernel Modules...
[   56.624363] Loading iSCSI transport class v2.0-870.
         Startin[   56.765045] iscsi: registered transport (tcp)
g Load Kernel Modules...
[   56.864281] iscsi: registered transport (iser)
[   57.026579] systemd[1]: Starting Nameserver information manager...
         Starting Nameserver information manager...
[   57.255078] systemd[1]: Starting Remount Root and Kernel File Systems...
[   57.256848] random: nonblocking pool is initialized
[   57.260041] EXT4-fs (sda1): re-mounted. Opts: (null)
         Starting Remount Root and Kernel File Systems...
[   57.675329] systemd[1]: Listening on udev Kernel Socket.
[[0;32m  OK  [0m] Listening on udev Kernel Socket.
[   57.878920] systemd[1]: Listening on Journal Audit Socket.
[[0;32m  OK  [0m] Listening on Journal Audit Socket.
[   58.102324] systemd[1]: Set up automount Arbitrary Executable File Formats File System Automount Point.
[[0;32m  OK  [0m] Set up automount Arbitrary Executab...ats File System Automount Point.
[   58.305976] systemd[1]: Listening on Device-mapper event daemon FIFOs.
[[0;32m  OK  [0m] Listening on Device-mapper event daemon FIFOs.
[   58.398790] systemd[1]: Starting Set console keymap...
         Starting Set console keymap...
[   58.551170] systemd[1]: Created slice system-serial\x2dgetty.slice.
[[0;32m  OK  [0m] Created slice system-serial\x2dgetty.slice.
[   58.798887] systemd[1]: Mounting POSIX Message Queue File System...
         Mounting POSIX Message Queue File System...
[   59.034270] systemd[1]: Listening on LVM2 metadata daemon socket.
[[0;32m  OK  [0m] Listening on LVM2 metadata daemon socket.
[   59.102549] systemd[1]: Starting Monitoring of LVM2 mirrors, snapshots etc. using dmeventd or progress polling...
         Starting Monitoring of LVM2 mirrors... dmeventd or progress polling...
[   59.273026] systemd[1]: Starting Create list of required static device nodes for the current kernel...
         Starting Create list of required st... nodes for the current kernel...
[   59.276858] systemd[1]: Created slice User and Session Slice.
[[0;32m  OK  [0m] Created slice User and Session Slice.
[   59.302213] systemd[1]: Reached target Slices.
[[0;32m  OK  [0m] Reached target Slices.
[   59.418846] systemd[1]: Mounting Huge Pages File System...
         Mounting Huge Pages File System...
[   59.530599] systemd[1]: Reached target User and Group Name Lookups.
[[0;32m  OK  [0m] Reached target User and Group Name Lookups.
[   59.783850] systemd[1]: Reached target Encrypted Volumes.
[[0;32m  OK  [0m] Reached target Encrypted Volumes.
[   60.011009] systemd[1]: Listening on Journal Socket (/dev/log).
[[0;32m  OK  [0m] Listening on Journal Socket (/dev/log).
[   60.271369] systemd[1]: Starting Journal Service...
         Starting Journal Service...
[   60.444793] systemd[1]: Listening on LVM2 poll daemon socket.
[[0;32m  OK  [0m] Listening on LVM2 poll daemon socket.
[   60.522735] systemd[1]: Starting Uncomplicated firewall...
         Starting Uncomplicated firewall...
[   60.769093] systemd[1]: Mounted Huge Pages File System.
[[0;32m  OK  [0m] Mounted Huge Pages File System.
[   60.951000] systemd[1]: Mounted POSIX Message Queue File System.
[[0;32m  OK  [0m] Mounted POSIX Message Queue File System.
[   61.194718] systemd[1]: Mounted Debug File System.
[[0;32m  OK  [0m] Mounted Debug File System.
[   61.334674] systemd[1]: Started Journal Service.
[[0;32m  OK  [0m] Started Journal Service.
[[0;32m  OK  [0m] Started Load Kernel Modules.
[[0;32m  OK  [0m] Started Remount Root and Kernel File Systems.
[[0;32m  OK  [0m] Started Set console keymap.
[[0;32m  OK  [0m] Started Create list of required sta...ce nodes for the current kernel.
[[0;32m  OK  [0m] Started Uncomplicated firewall.
[[0;32m  OK  [0m] Started Nameserver information manager.
[[0;32m  OK  [0m] Started LVM2 metadata daemon.
         Starting Create Static Device Nodes in /dev...
         Starting udev Coldplug all Devices...
         Starting Load/Save Random Seed...
         Starting Initial cloud-init job (pre-networking)...
         Mounting FUSE Control File System...
         Starting Apply Kernel Variables...
         Starting Flush Journal to Persistent Storage...
[[0;32m  OK  [0m] Mounted FUSE Control File System.
[[0;32m  OK  [0m] Started Create Static Device Nodes in /dev.
[[0;32m  OK  [0m] Started Load/Save Random Seed.
[[0;32m  OK  [0m] Started Apply Kernel Variables.
[[0;32m  OK  [0m] Started udev Coldplug all Devices.
[[0;32m  OK  [0m] Started Flush Journal to Persistent Storage.
[[0;32m  OK  [0m] Started Monitoring of LVM2 mirrors,...ng dmeventd or progress polling.
         Starting udev Kernel Device Manager...
[[0;32m  OK  [0m] Started udev Kernel Device Manager.
[[0;32m  OK  [0m] Started Dispatch Password Requests to Console Directory Watch.
[[0;32m  OK  [0m] Reached target Local File Systems (Pre).
[[0;32m  OK  [0m] Reached target Local File Systems.
         Starting LSB: AppArmor initialization...
         Starting Tell Plymouth To Write Out Runtime Data...
         Starting Create Volatile Files and Directories...
         Starting Set console font and keymap...
[[0;32m  OK  [0m] Started Tell Plymouth To Write Out Runtime Data.
[[0;32m  OK  [0m] Started Create Volatile Files and Directories.
[[0;32m  OK  [0m] Found device /dev/ttyS0.
[[0;32m  OK  [0m] Reached target System Time Synchronized.
         Starting Update UTMP about System Boot/Shutdown...
[   36.101400] cloud-init[454]: Cloud-init v. 0.7.9 running 'init-local' at Sat, 01 Jul 2017 12:39:15 +0000. Up 35.91 seconds.
[[0;32m  OK  [0m] Started LSB: AppArmor initialization.
[[0;32m  OK  [0m] Started Initial cloud-init job (pre-networking).
[[0;32m  OK  [0m] Started Set console font and keymap.
[[0;32m  OK  [0m] Started Update UTMP about System Boot/Shutdown.
[[0;32m  OK  [0m] Listening on Load/Save RF Kill Switch Status /dev/rfkill Watch.
[[0;32m  OK  [0m] Created slice system-getty.slice.
[[0;32m  OK  [0m] Reached target Network (Pre).
[[0;32m  OK  [0m] Started ifup for enp0s3.
         Starting Raise network interfaces...
[[0;32m  OK  [0m] Started Raise network interfaces.
[[0;32m  OK  [0m] Reached target Network.
         Starting Initial cloud-init job (metadata service crawler)...
[   39.261728] cloud-init[958]: Cloud-init v. 0.7.9 running 'init' at Sat, 01 Jul 2017 12:39:18 +0000. Up 39.06 seconds.
[   39.293156] cloud-init[958]: ci-info: +++++++++++++++++++++++++++++++++++++Net device info++++++++++++++++++++++++++++++++++++++
[   39.405294] [cloud-init[0;32m  OK  [0m[958]: ] ci-info: +--------+------+----------------------------+---------------+-------+-------------------+Started Initial cloud-init job (metadata service crawler).

[   39.405768] cloud-init[958]: ci-info: | Device |  Up  |          Address           |      Mask     | Scope |     Hw-Address    |
[   39.661061] [cloud-init[0;32m  OK  [0m[958]: ] ci-info: +--------+------+----------------------------+---------------+-------+-------------------+Reached target System Initialization.

[   39.662290] cloud-init[958]: ci-info: |   lo   | True |         127.0.0.1          |   255.0.0.0   |   .   |         .         |
[   39.889608] [cloud-init[0;32m  OK  [0m[958]: ] ci-info: |   lo   | True |          ::1/128           |       .       |  host |         .         |Started ACPI Events Check.

[   39.891148] [cloud-init[0;32m  OK  [0m[958]: ] ci-info: | enp0s3 | True |         10.0.2.15          | 255.255.255.0 |   .   | 02:4c:96:80:3a:3c |Reached target Paths.

[   39.966854] cloud-init[958]: ci-info: | enp0s3 | True | fe80::4c:96ff:fe80:3a3c/64 |       .       |  link | 02:4c:96:80:3a:3c |
[   40.167924] [cloud-init[0;32m  OK  [0m[958]: ] ci-info: +--------+------+----------------------------+---------------+-------+-------------------+Started Daily apt activities.

[   40.168459] [cloud-init[0;32m  OK  [0m[958]: ] ci-info: +++++++++++++++++++++++++++Route IPv4 info++++++++++++++++++++++++++++Listening on UUID daemon activation socket.

[   40.343069]          Starting LXD - unix socket.
[[0;32m  OK  [0m] Started Timer to automatically refresh installed snaps.
         Starting Socket activation for snappy daemon.
[[0;32m  OK  [0m] Listening on D-Bus System Message Bus Socket.
[[0;32m  OK  [0m] Started Daily Cleanup of Temporary Directories.
[[0;32m  OK  [0m] Reached target Timers.
[[0;32m  OK  [0m] Listening on ACPID Listen Socket.
[[0;32m  OK  [0m] Reached target Network is Online.
cloud-init[958]: ci-info: +-------+-------------+----------+---------------+-----------+-------+
[   40.366592]          cloud-initStarting iSCSI initiator daemon (iscsid)...[958]: 
ci-info: | Route | Destination | Gateway  |    Genmask    | Interface | Flags |
[   40.457017] [cloud-init[0;32m  OK  [0m[958]: ] ci-info: +-------+-------------+----------+---------------+-----------+-------+Reached target Cloud-config availability.

[   40.458509] cloud-init[958]: ci-info: |   0   |   0.0.0.0   | 10.0.2.2 |    0.0.0.0    |   enp0s3  |   UG  |
[   40.591711] cloud-init[958]: ci-info: |   1   |   10.0.2.0  | 0.0.0.0  | 255.255.255.0 |   enp0s3  |   U   |
[[0;32m  OK  [0m] Listening on LXD - unix socket.
[   40.594055] [cloud-init[0;32m  OK  [0m[958]: ] ci-info: +-------+-------------+----------+---------------+-----------+-------+Listening on Socket activation for snappy daemon.

[[0;32m  OK  [0m] Started iSCSI initiator daemon (iscsid).
         Starting Login to default iSCSI targets...
[[0;32m  OK  [0m] Reached target Sockets.
[[0;32m  OK  [0m] Reached target Basic System.
[[0;32m  OK  [0m] Started FUSE filesystem for LXC.
         Starting Accounts Service...
         Starting LSB: MD monitoring daemon...
         Starting Login Service...
[[0;32m  OK  [0m] Started Unattended Upgrades Shutdown.
         Starting LSB: Record successful boot for GRUB...
         Starting OpenBSD Secure Shell server...
         Starting /etc/rc.local Compatibility...
         Starting Daily apt activities...
[[0;32m  OK  [0m] Started Regular background program processing daemon.
[[0;32m  OK  [0m] Started ACPI event daemon.
[[0;32m  OK  [0m] Started Deferred execution scheduler.
[[0;32m  OK  [0m] Started Snappy daemon.
         Starting Auto import assertions from block devices...
[[0;32m  OK  [0m] Started D-Bus System Message Bus.
         Starting Apply the settings specified in cloud-config...
         Starting System Logging Service...
         Starting LXD - container startup/shutdown...
[[0;32m  OK  [0m] Started OpenBSD Secure Shell server.
[[0;32m  OK  [0m] Started /etc/rc.local Compatibility.
[[0;32m  OK  [0m] Started Auto import assertions from block devices.
[[0;32m  OK  [0m] Started System Logging Service.
[[0;32m  OK  [0m] Started LSB: Record successful boot for GRUB.
[[0;32m  OK  [0m] Started LSB: MD monitoring daemon.
[[0;32m  OK  [0m] Started LXD - container startup/shutdown.
[[0;32m  OK  [0m] Started Login to default iSCSI targets.
[[0;32m  OK  [0m] Started Login Service.
[[0;32m  OK  [0m] Reached target Remote File Systems (Pre).
[[0;32m  OK  [0m] Reached target Remote File Systems.
         Starting LSB: Set the CPU Frequency Scaling governor to "ondemand"...
         Starting LSB: daemon to balance interrupts for SMP systems...
         Starting LSB: VirtualBox Linux Additions...
         Starting LSB: automatic crash report generation...
[   41.855210] cloud-init[1091]: Cloud-init v. 0.7.9 running 'modules:config' at Sat, 01 Jul 2017 12:39:20 +0000. Up 41.78 seconds.
         Starting Permit User Sessions...
         Starting Authenticate and Authorize Users to Run Privileged Tasks...
[[0;32m  OK  [0m] Started Apply the settings specified in cloud-config.
[[0;32m  OK  [0m] Started Permit User Sessions.
[[0;32m  OK  [0m] Started Authenticate and Authorize Users to Run Privileged Tasks.
[[0;32m  OK  [0m] Started Accounts Service.
[[0;32m  OK  [0m] Started LSB: Set the CPU Frequency Scaling governor to "ondemand".
[[0;32m  OK  [0m] Started LSB: daemon to balance interrupts for SMP systems.
[[0;32m  OK  [0m] Started LSB: automatic crash report generation.
[[0;32m  OK  [0m] Started LSB: VirtualBox Linux Additions.
         Starting Terminate Plymouth Boot Screen...
         Starting Hold until boot process finishes up...
[[0;32m  OK  [0m] Started Terminate Plymouth Boot Screen.
[[0;32m  OK  [0m] Started Hold until boot process finishes up.
         Starting Set console scheme...
[[0;32m  OK  [0m] Started Serial Getty on ttyS0.
[[0;32m  OK  [0m] Started Getty on tty1.
[[0;32m  OK  [0m] Reached target Login Prompts.
[[0;32m  OK  [0m] Reached target Multi-User System.
[[0;32m  OK  [0m] Reached target Graphical Interface.
         Starting Execute cloud user/final scripts...
         Starting Update UTMP about System Runlevel Changes...
[[0;32m  OK  [0m] Started Set console scheme.
[[0;32m  OK  [0m] Started Update UTMP about System Runlevel Changes.
[   42.936149] cloud-init[1353]: Cloud-init v. 0.7.9 running 'modules:final' at Sat, 01 Jul 2017 12:39:21 +0000. Up 42.85 seconds.
[[0;32m  OK  [0m] Started Execute cloud user/final scripts.
[[0;32m  OK  [0m] Reached target Cloud-init target.
[   43.050544] cloud-init[1353]: Cloud-init v. 0.7.9 finished at Sat, 01 Jul 2017 12:39:22 +0000. Datasource DataSourceNoCloud [seed=/dev/sdb][dsmode=net].  Up 42.93 seconds
[[0;32m  OK  [0m] Created slice User Slice of ubuntu.
         Starting User Manager for UID 1000...
[[0;32m  OK  [0m] Started User Manager for UID 1000.
[[0;32m  OK  [0m] Started Session 1 of user ubuntu.

Ubuntu 16.04.2 LTS ubuntu-xenial ttyS0

ubuntu-xenial login:          Stopping Session 19 of user ubuntu.
         Stopping System Logging Service...
         Stopping D-Bus System Message Bus...
         Stopping FUSE filesystem for LXC...
         Stopping Unattended Upgrades Shutdown...
         Stopping LXD - container startup/shutdown...
         Stopping LSB: Record successful boot for GRUB...
[[0;32m  OK  [0m] Stopped Apply the settings specified in cloud-config.
[[0;32m  OK  [0m] Stopped target Cloud-config availability.
         Stopping LSB: VirtualBox Linux Additions...
[[0;32m  OK  [0m] Unmounted /var/lib/lxcfs.
[[0;32m  OK  [0m] Stopped Accounts Service.
[[0;32m  OK  [0m] Stopped OpenBSD Secure Shell server.
[[0;32m  OK  [0m] Stopped Regular background program processing daemon.
[[0;32m  OK  [0m] Stopped ACPI event daemon.
[[0;32m  OK  [0m] Stopped Deferred execution scheduler.
[[0;32m  OK  [0m] Stopped Snappy daemon.
[[0;32m  OK  [0m] Stopped System Logging Service.
[[0;32m  OK  [0m] Stopped Authenticate and Authorize Users to Run Privileged Tasks.
[[0;32m  OK  [0m] Stopped Serial Getty on ttyS0.
[[0;32m  OK  [0m] Stopped Getty on tty1.
[[0;32m  OK  [0m] Stopped User Manager for UID 1000.
[[0;32m  OK  [0m] Stopped Session 19 of user ubuntu.
[[0;32m  OK  [0m] Stopped D-Bus System Message Bus.
[[0;32m  OK  [0m] Stopped Unattended Upgrades Shutdown.
[[0;32m  OK  [0m] Stopped FUSE filesystem for LXC.
[[0;32m  OK  [0m] Stopped LSB: MD monitoring daemon.
[[0;32m  OK  [0m] Stopped LXD - container startup/shutdown.
[[0;32m  OK  [0m] Stopped LSB: automatic crash report generation.
[[0;32m  OK  [0m] Stopped LSB: Set the CPU Frequency Scaling governor to "ondemand".
[[0;32m  OK  [0m] Stopped LSB: daemon to balance interrupts for SMP systems.
[[0;32m  OK  [0m] Stopped LSB: Record successful boot for GRUB.
[[0;32m  OK  [0m] Stopped LSB: VirtualBox Linux Additions.
[[0;32m  OK  [0m] Removed slice User Slice of ubuntu.
         Stopping Login Service...
[[0;32m  OK  [0m] Removed slice system-getty.slice.
[[0;32m  OK  [0m] Stopped /etc/rc.local Compatibility.
[[0;32m  OK  [0m] Removed slice system-serial\x2dgetty.slice.
         Stopping Permit User Sessions...
[[0;32m  OK  [0m] Stopped Login Service.
[[0;32m  OK  [0m] Stopped Permit User Sessions.
[[0;32m  OK  [0m] Stopped target Remote File Systems.
[[0;32m  OK  [0m] Stopped target Remote File Systems (Pre).
         Stopping Login to default iSCSI targets...
[[0;32m  OK  [0m] Stopped target Basic System.
[[0;32m  OK  [0m] Stopped target Slices.
[[0;32m  OK  [0m] Stopped target Paths.
[[0;32m  OK  [0m] Stopped Forward Password Requests to Wall Directory Watch.
[[0;32m  OK  [0m] Stopped ACPI Events Check.
[[0;32m  OK  [0m] Stopped Dispatch Password Requests to Console Directory Watch.
[[0;32m  OK  [0m] Stopped target Sockets.
[[0;32m  OK  [0m] Closed Syslog Socket.
[[0;32m  OK  [0m] Closed UUID daemon activation socket.
[[0;32m  OK  [0m] Closed Socket activation for snappy daemon.
[[0;32m  OK  [0m] Closed LXD - unix socket.
[[0;32m  OK  [0m] Closed ACPID Listen Socket.
[[0;32m  OK  [0m] Stopped target User and Group Name Lookups.
[[0;32m  OK  [0m] Closed D-Bus System Message Bus Socket.
[[0;32m  OK  [0m] Stopped target System Initialization.
         Stopping Update UTMP about System Boot/Shutdown...
[[0;32m  OK  [0m] Stopped target Swap.
[[0;32m  OK  [0m] Stopped target Encrypted Volumes.
         Stopping Load/Save Random Seed...
[[0;32m  OK  [0m] Removed slice User and Session Slice.
[[0;32m  OK  [0m] Stopped Load/Save Random Seed.
[[0;32m  OK  [0m] Stopped Update UTMP about System Boot/Shutdown.
[[0;32m  OK  [0m] Stopped Login to default iSCSI targets.
         Stopping iSCSI initiator daemon (iscsid)...
[[0;32m  OK  [0m] Stopped Create Volatile Files and Directories.
[[0;32m  OK  [0m] Stopped iSCSI initiator daemon (iscsid).
[[0;32m  OK  [0m] Stopped target Network is Online.
[[0;32m  OK  [0m] Stopped target Network.
[[0;32m  OK  [0m] Stopped Initial cloud-init job (metadata service crawler).
         Stopping Raise network interfaces...
[[0;32m  OK  [0m] Stopped Raise network interfaces.
[[0;32m  OK  [0m] Stopped target Network (Pre).
[[0;32m  OK  [0m] Stopped Initial cloud-init job (pre-networking).
[[0;32m  OK  [0m] Stopped target Local File Systems.
         Unmounting /run/user/1000...
         Unmounting /vagrant...
[[0;32m  OK  [0m] Stopped Apply Kernel Variables.
[[0;32m  OK  [0m] Stopped Load Kernel Modules.
[[0;32m  OK  [0m] Unmounted /run/user/1000.
[[0;32m  OK  [0m] Unmounted /vagrant.
[[0;32m  OK  [0m] Reached target Unmount All Filesystems.
[[0;32m  OK  [0m] Stopped target Local File Systems (Pre).
         Stopping Monitoring of LVM2 mirrors... dmeventd or progress polling...
[[0;32m  OK  [0m] Stopped Create Static Device Nodes in /dev.
[[0;32m  OK  [0m] Stopped Remount Root and Kernel File Systems.
[[0;32m  OK  [0m] Reached target Shutdown.
[55922.824953] reboot: Power down
