[    0.000000] Initializing cgroup subsys cpuset
[    0.000000] Initializing cgroup subsys cpu
[    0.000000] Initializing cgroup subsys cpuacct
[    0.000000] Linux version 4.4.0-83-generic (buildd@lgw01-29) (gcc version 5.4.0 20160609 (Ubuntu 5.4.0-6ubuntu1~16.04.4) ) #106-Ubuntu SMP Mon Jun 26 17:54:43 UTC 2017 (Ubuntu 4.4.0-83.106-generic 4.4.70)
[    0.000000] Command line: BOOT_IMAGE=/boot/vmlinuz-4.4.0-83-generic root=UUID=8bf37a84-9284-4ad9-adbd-60affffbca26 ro console=tty1 console=ttyS0
[    0.000000] KERNEL supported cpus:
[    0.000000]   Intel GenuineIntel
[    0.000000]   AMD AuthenticAMD
[    0.000000]   Centaur CentaurHauls
[    0.000000] x86/fpu: xstate_offset[2]:  576, xstate_sizes[2]:  256
[    0.000000] x86/fpu: Supporting XSAVE feature 0x01: 'x87 floating point registers'
[    0.000000] x86/fpu: Supporting XSAVE feature 0x02: 'SSE registers'
[    0.000000] x86/fpu: Supporting XSAVE feature 0x04: 'AVX registers'
[    0.000000] x86/fpu: Enabled xstate features 0x7, context size is 832 bytes, using 'standard' format.
[    0.000000] x86/fpu: Using 'lazy' FPU context switches.
[    0.000000] e820: BIOS-provided physical RAM map:
[    0.000000] BIOS-e820: [mem 0x0000000000000000-0x000000000009fbff] usable
[    0.000000] BIOS-e820: [mem 0x000000000009fc00-0x000000000009ffff] reserved
[    0.000000] BIOS-e820: [mem 0x00000000000f0000-0x00000000000fffff] reserved
[    0.000000] BIOS-e820: [mem 0x0000000000100000-0x000000003ffeffff] usable
[    0.000000] BIOS-e820: [mem 0x000000003fff0000-0x000000003fffffff] ACPI data
[    0.000000] BIOS-e820: [mem 0x00000000fec00000-0x00000000fec00fff] reserved
[    0.000000] BIOS-e820: [mem 0x00000000fee00000-0x00000000fee00fff] reserved
[    0.000000] BIOS-e820: [mem 0x00000000fffc0000-0x00000000ffffffff] reserved
[    0.000000] NX (Execute Disable) protection: active
[    0.000000] SMBIOS 2.5 present.
[    0.000000] Hypervisor detected: KVM
[    0.000000] e820: last_pfn = 0x3fff0 max_arch_pfn = 0x400000000
[    0.000000] MTRR: Disabled
[    0.000000] x86/PAT: MTRRs disabled, skipping PAT initialization too.
[    0.000000] x86/PAT: Configuration [0-7]: WB  WT  UC- UC  WB  WT  UC- UC  
[    0.000000] CPU MTRRs all blank - virtualized system.
[    0.000000] found SMP MP-table at [mem 0x0009fff0-0x0009ffff] mapped at [ffff88000009fff0]
[    0.000000] Scanning 1 areas for low memory corruption
[    0.000000] RAMDISK: [mem 0x36238000-0x37113fff]
[    0.000000] ACPI: Early table checksum verification disabled
[    0.000000] ACPI: RSDP 0x00000000000E0000 000024 (v02 VBOX  )
[    0.000000] ACPI: XSDT 0x000000003FFF0030 00003C (v01 VBOX   VBOXXSDT 00000001 ASL  00000061)
[    0.000000] ACPI: FACP 0x000000003FFF00F0 0000F4 (v04 VBOX   VBOXFACP 00000001 ASL  00000061)
[    0.000000] ACPI: DSDT 0x000000003FFF0470 0021C8 (v02 VBOX   VBOXBIOS 00000002 INTL 20100528)
[    0.000000] ACPI: FACS 0x000000003FFF0200 000040
[    0.000000] ACPI: FACS 0x000000003FFF0200 000040
[    0.000000] ACPI: APIC 0x000000003FFF0240 00005C (v02 VBOX   VBOXAPIC 00000001 ASL  00000061)
[    0.000000] ACPI: SSDT 0x000000003FFF02A0 0001CC (v01 VBOX   VBOXCPUT 00000002 INTL 20100528)
[    0.000000] No NUMA configuration found
[    0.000000] Faking a node at [mem 0x0000000000000000-0x000000003ffeffff]
[    0.000000] NODE_DATA(0) allocated [mem 0x3ffeb000-0x3ffeffff]
[    0.000000] kvm-clock: Using msrs 4b564d01 and 4b564d00
[    0.000000] kvm-clock: cpu 0, msr 0:3ffe3001, primary cpu clock
[    0.000000] kvm-clock: using sched offset of 3039623169 cycles
[    0.000000] clocksource: kvm-clock: mask: 0xffffffffffffffff max_cycles: 0x1cd42e4dffb, max_idle_ns: 881590591483 ns
[    0.000000] Zone ranges:
[    0.000000]   DMA      [mem 0x0000000000001000-0x0000000000ffffff]
[    0.000000]   DMA32    [mem 0x0000000001000000-0x000000003ffeffff]
[    0.000000]   Normal   empty
[    0.000000]   Device   empty
[    0.000000] Movable zone start for each node
[    0.000000] Early memory node ranges
[    0.000000]   node   0: [mem 0x0000000000001000-0x000000000009efff]
[    0.000000]   node   0: [mem 0x0000000000100000-0x000000003ffeffff]
[    0.000000] Initmem setup node 0 [mem 0x0000000000001000-0x000000003ffeffff]
[    0.000000] ACPI: PM-Timer IO Port: 0x4008
[    0.000000] IOAPIC[0]: apic_id 2, version 32, address 0xfec00000, GSI 0-23
[    0.000000] ACPI: INT_SRC_OVR (bus 0 bus_irq 0 global_irq 2 dfl dfl)
[    0.000000] ACPI: INT_SRC_OVR (bus 0 bus_irq 9 global_irq 9 high level)
[    0.000000] Using ACPI (MADT) for SMP configuration information
[    0.000000] smpboot: Allowing 2 CPUs, 0 hotplug CPUs
[    0.000000] PM: Registered nosave memory: [mem 0x00000000-0x00000fff]
[    0.000000] PM: Registered nosave memory: [mem 0x0009f000-0x0009ffff]
[    0.000000] PM: Registered nosave memory: [mem 0x000a0000-0x000effff]
[    0.000000] PM: Registered nosave memory: [mem 0x000f0000-0x000fffff]
[    0.000000] e820: [mem 0x40000000-0xfebfffff] available for PCI devices
[    0.000000] Booting paravirtualized kernel on KVM
[    0.000000] clocksource: refined-jiffies: mask: 0xffffffff max_cycles: 0xffffffff, max_idle_ns: 7645519600211568 ns
[    0.000000] setup_percpu: NR_CPUS:512 nr_cpumask_bits:512 nr_cpu_ids:2 nr_node_ids:1
[    0.000000] PERCPU: Embedded 33 pages/cpu @ffff88003fc00000 s98264 r8192 d28712 u1048576
[    0.000000] PV qspinlock hash table entries: 256 (order: 0, 4096 bytes)
[    0.000000] Built 1 zonelists in Node order, mobility grouping on.  Total pages: 257913
[    0.000000] Policy zone: DMA32
[    0.000000] Kernel command line: BOOT_IMAGE=/boot/vmlinuz-4.4.0-83-generic root=UUID=8bf37a84-9284-4ad9-adbd-60affffbca26 ro console=tty1 console=ttyS0
[    0.000000] PID hash table entries: 4096 (order: 3, 32768 bytes)
[    0.000000] Memory: 997360K/1048120K available (8469K kernel code, 1294K rwdata, 3984K rodata, 1488K init, 1316K bss, 50760K reserved, 0K cma-reserved)
[    0.000000] SLUB: HWalign=64, Order=0-3, MinObjects=0, CPUs=2, Nodes=1
[    0.000000] Hierarchical RCU implementation.
[    0.000000] 	Build-time adjustment of leaf fanout to 64.
[    0.000000] 	RCU restricting CPUs from NR_CPUS=512 to nr_cpu_ids=2.
[    0.000000] RCU: Adjusting geometry for rcu_fanout_leaf=64, nr_cpu_ids=2
[    0.000000] NR_IRQS:33024 nr_irqs:440 16
[    0.000000] Console: colour VGA+ 80x25
[    0.000000] console [tty1] enabled
[    0.000000] console [ttyS0] enabled
[    0.000000] tsc: Detected 2394.464 MHz processor
[    9.821469] Calibrating delay loop (skipped) preset value.. 4788.92 BogoMIPS (lpj=9577856)
[    9.822830] pid_max: default: 32768 minimum: 301
[    9.823560] ACPI: Core revision 20150930
[    9.849973] ACPI: 2 ACPI AML tables successfully acquired and loaded
[    9.867277] Security Framework initialized
[    9.867947] Yama: becoming mindful.
[    9.868560] AppArmor: AppArmor initialized
[    9.869304] Dentry cache hash table entries: 131072 (order: 8, 1048576 bytes)
[    9.870450] Inode-cache hash table entries: 65536 (order: 7, 524288 bytes)
[    9.877879] Mount-cache hash table entries: 2048 (order: 2, 16384 bytes)
[    9.908651] Mountpoint-cache hash table entries: 2048 (order: 2, 16384 bytes)
[   10.043988] Initializing cgroup subsys io
[   10.163347] Initializing cgroup subsys memory
[   10.291461] Initializing cgroup subsys devices
[   10.430024] Initializing cgroup subsys freezer
[   10.556696] Initializing cgroup subsys net_cls
[   10.692724] Initializing cgroup subsys perf_event
[   10.803834] Initializing cgroup subsys net_prio
[   10.949458] Initializing cgroup subsys hugetlb
[   11.099105] Initializing cgroup subsys pids
[   11.229230] CPU: Physical Processor ID: 0
[   11.351234] CPU: Processor Core ID: 0
[   11.466098] mce: CPU supports 0 MCE banks
[   11.587426] Last level iTLB entries: 4KB 1024, 2MB 1024, 4MB 1024
[   11.745255] Last level dTLB entries: 4KB 1024, 2MB 1024, 4MB 1024, 1GB 4
[   11.924879] Freeing SMP alternatives memory: 32K (ffffffff820b9000 - ffffffff820c1000)
[   12.168637] ftrace: allocating 32129 entries in 126 pages
[   12.363995] smpboot: APIC(0) Converting physical 0 to logical package 0
[   12.555680] smpboot: Max logical packages: 1
[   12.694059] x2apic enabled
[   12.761475] Switched APIC routing to physical x2apic.
[   12.815519] ..TIMER: vector=0x30 apic1=0 pin1=2 apic2=-1 pin2=-1
[   13.075682] smpboot: CPU0: Intel(R) Core(TM) i7-4700HQ CPU @ 2.40GHz (family: 0x6, model: 0x3c, stepping: 0x3)
[   13.365169] Performance Events: unsupported p6 CPU model 60 no PMU driver, software events only.
[   13.637127] KVM setup paravirtual spinlock
[   13.766670] x86: Booting SMP configuration:
[   13.874049] .... node  #0, CPUs:      #1
[   13.973071] kvm-clock: cpu 1, msr 0:3ffe3041, secondary cpu clock
[   14.068516] mce: CPU supports 0 MCE banks
[   14.070907] x86: Booted up 1 node, 2 CPUs
[   14.071750] smpboot: Total of 2 processors activated (9577.85 BogoMIPS)
[   14.186287] devtmpfs: initialized
[   14.276120] evm: security.selinux
[   14.370726] evm: security.SMACK64
[   14.465552] evm: security.SMACK64EXEC
[   14.549655] evm: security.SMACK64TRANSMUTE
[   14.550365] evm: security.SMACK64MMAP
[   14.637676] evm: security.ima
[   14.692729] evm: security.capability
[   14.709175] clocksource: jiffies: mask: 0xffffffff max_cycles: 0xffffffff, max_idle_ns: 7645041785100000 ns
[   14.981269] futex hash table entries: 512 (order: 3, 32768 bytes)
[   15.157005] pinctrl core: initialized pinctrl subsystem
[   15.254944] RTC time: 15:11:48, date: 07/04/17
[   15.387595] NET: Registered protocol family 16
[   15.525774] cpuidle: using governor ladder
[   15.662682] cpuidle: using governor menu
[   15.774567] PCCT header not found.
[   15.870175] ACPI: bus type PCI registered
[   15.957177] acpiphp: ACPI Hot Plug PCI Controller Driver version: 0.5
[   15.958247] PCI: Using configuration type 1 for base access
[   15.970955] ACPI: Added _OSI(Module Device)
[   16.098088] ACPI: Added _OSI(Processor Device)
[   16.205987] ACPI: Added _OSI(3.0 _SCP Extensions)
[   16.232721] ACPI: Added _OSI(Processor Aggregator Device)
[   16.347866] ACPI: Executed 1 blocks of module-level executable AML code
[   16.353541] ACPI: Interpreter enabled
[   16.354187] ACPI: (supports S0 S5)
[   16.428621] ACPI: Using IOAPIC for interrupt routing
[   16.550936] PCI: Using host bridge windows from ACPI; if necessary, use "pci=nocrs" and report a bug
[   16.726237] ACPI: PCI Root Bridge [PCI0] (domain 0000 [bus 00-ff])
[   16.874596] acpi PNP0A03:00: _OSC: OS supports [ASPM ClockPM Segments MSI]
[   17.002091] acpi PNP0A03:00: _OSC failed (AE_NOT_FOUND); disabling ASPM
[   17.150263] acpi PNP0A03:00: fail to add MMCONFIG information, can't access extended PCI configuration space under this bridge.
[   17.475088] PCI host bridge to bus 0000:00
[   17.547468] pci_bus 0000:00: root bus resource [io  0x0000-0x0cf7 window]
[   17.756731] pci_bus 0000:00: root bus resource [io  0x0d00-0xffff window]
[   17.968953] pci_bus 0000:00: root bus resource [mem 0x000a0000-0x000bffff window]
[   18.179383] pci_bus 0000:00: root bus resource [mem 0x40000000-0xffdfffff window]
[   18.387036] pci_bus 0000:00: root bus resource [bus 00-ff]
[   18.539869] pci 0000:00:01.1: legacy IDE quirk: reg 0x10: [io  0x01f0-0x01f7]
[   18.769646] pci 0000:00:01.1: legacy IDE quirk: reg 0x14: [io  0x03f6]
[   18.972279] pci 0000:00:01.1: legacy IDE quirk: reg 0x18: [io  0x0170-0x0177]
[   19.105546] pci 0000:00:01.1: legacy IDE quirk: reg 0x1c: [io  0x0376]
[   19.318612] pci 0000:00:07.0: quirk: [io  0x4000-0x403f] claimed by PIIX4 ACPI
[   19.547808] pci 0000:00:07.0: quirk: [io  0x4100-0x410f] claimed by PIIX4 SMB
[   19.752514] ACPI: PCI Interrupt Link [LNKA] (IRQs 5 9 10 *11)
[   19.901860] ACPI: PCI Interrupt Link [LNKB] (IRQs 5 9 10 *11)
[   20.061483] ACPI: PCI Interrupt Link [LNKC] (IRQs 5 9 *10 11)
[   20.183076] ACPI: PCI Interrupt Link [LNKD] (IRQs 5 *9 10 11)
[   20.188115] ACPI: Enabled 2 GPEs in block 00 to 07
[   20.216554] vgaarb: setting as boot device: PCI:0000:00:02.0
[   20.220554] vgaarb: device added: PCI:0000:00:02.0,decodes=io+mem,owns=io+mem,locks=none
[   20.221864] vgaarb: loaded
[   20.222421] vgaarb: bridge control possible 0000:00:02.0
[   20.226552] SCSI subsystem initialized
[   20.227282] ACPI: bus type USB registered
[   20.227992] usbcore: registered new interface driver usbfs
[   20.228834] usbcore: registered new interface driver hub
[   20.229681] usbcore: registered new device driver usb
[   20.230656] PCI: Using ACPI for IRQ routing
[   20.231568] NetLabel: Initializing
[   20.232141] NetLabel:  domain hash size = 128
[   20.250394] NetLabel:  protocols = UNLABELED CIPSOv4
[   20.253354] NetLabel:  unlabeled traffic allowed by default
[   20.254311] amd_nb: Cannot enumerate AMD northbridges
[   20.255126] clocksource: Switched to clocksource kvm-clock
[   20.261659] AppArmor: AppArmor Filesystem Enabled
[   20.419352] pnp: PnP ACPI init
[   20.511945] pnp: PnP ACPI: found 3 devices
[   20.521544] clocksource: acpi_pm: mask: 0xffffff max_cycles: 0xffffff, max_idle_ns: 2085701024 ns
[   20.534938] NET: Registered protocol family 2
[   20.538278] TCP established hash table entries: 8192 (order: 4, 65536 bytes)
[   20.539302] TCP bind hash table entries: 8192 (order: 5, 131072 bytes)
[   20.540278] TCP: Hash tables configured (established 8192 bind 8192)
[   20.541253] UDP hash table entries: 512 (order: 2, 16384 bytes)
[   20.542127] UDP-Lite hash table entries: 512 (order: 2, 16384 bytes)
[   20.543094] NET: Registered protocol family 1
[   20.543816] pci 0000:00:00.0: Limiting direct PCI/PCI transfers
[   20.544768] pci 0000:00:01.0: Activating ISA DMA hang workarounds
[   20.549287] Unpacking initramfs...
[   20.741275] Freeing initrd memory: 15216K (ffff880036238000 - ffff880037114000)
[   20.966979] RAPL PMU detected, API unit is 2^-32 Joules, 4 fixed counters 10737418240 ms ovfl timer
[   21.204667] hw unit of domain pp0-core 2^-0 Joules
[   21.272201] hw unit of domain package 2^-0 Joules
[   21.423167] hw unit of domain dram 2^-0 Joules
[   21.565705] hw unit of domain pp1-gpu 2^-0 Joules
[   21.717545] platform rtc_cmos: registered platform RTC device (no PNP device found)
[   21.963563] Scanning for low memory corruption every 60 seconds
[   22.153335] audit: initializing netlink subsys (disabled)
[   22.257235] audit: type=2000 audit(1499181100.217:1): initialized
[   22.408791] Initialise system trusted keyring
[   22.515910] HugeTLB registered 2 MB page size, pre-allocated 0 pages
[   22.687979] zbud: loaded
[   22.767757] tsc: Refined TSC clocksource calibration: 2394.725 MHz
[   22.933962] clocksource: tsc: mask: 0xffffffffffffffff max_cycles: 0x2284c06f0b1, max_idle_ns: 440795272183 ns
[   22.934231] VFS: Disk quotas dquot_6.6.0
[   22.934257] VFS: Dquot-cache hash table entries: 512 (order 0, 4096 bytes)
[   22.934456] squashfs: version 4.0 (2009/01/31) Phillip Lougher
[   23.190976] fuse init (API version 7.23)
[   23.191100] Key type big_key registered
[   23.191114] Allocating IMA MOK and blacklist keyrings.
[   23.191308] Key type asymmetric registered
[   23.191310] Asymmetric key parser 'x509' registered
[   23.191340] Block layer SCSI generic (bsg) driver version 0.4 loaded (major 249)
[   23.191356] io scheduler noop registered
[   23.191358] io scheduler deadline registered (default)
[   23.191381] io scheduler cfq registered
[   23.191465] pci_hotplug: PCI Hot Plug PCI Core version: 0.5
[   23.191469] pciehp: PCI Express Hot Plug Controller Driver version: 0.4
[   23.191583] ACPI: AC Adapter [AC] (on-line)
[   23.191624] input: Power Button as /devices/LNXSYSTM:00/LNXPWRBN:00/input/input0
[   23.191626] ACPI: Power Button [PWRF]
[   23.191682] input: Sleep Button as /devices/LNXSYSTM:00/LNXSLPBN:00/input/input1
[   23.191683] ACPI: Sleep Button [SLPF]
[   23.191792] GHES: HEST is not enabled!
[   23.191857] Serial: 8250/16550 driver, 32 ports, IRQ sharing enabled
[   23.319184] 00:02: ttyS0 at I/O 0x3f8 (irq = 4, base_baud = 115200) is a 16550A
[   23.327415] Linux agpgart interface v0.103
[   23.335877] loop: module loaded
[   23.336304] scsi host0: ata_piix
[   23.336368] scsi host1: ata_piix
[   23.336392] ata1: PATA max UDMA/33 cmd 0x1f0 ctl 0x3f6 bmdma 0xd000 irq 14
[   23.336393] ata2: PATA max UDMA/33 cmd 0x170 ctl 0x376 bmdma 0xd008 irq 15
[   23.336450] libphy: Fixed MDIO Bus: probed
[   23.336452] tun: Universal TUN/TAP device driver, 1.6
[   23.336452] tun: (C) 1999-2004 Max Krasnyansky <maxk@qualcomm.com>
[   23.336480] PPP generic driver version 2.4.2
[   23.336519] ehci_hcd: USB 2.0 'Enhanced' Host Controller (EHCI) Driver
[   23.336522] ehci-pci: EHCI PCI platform driver
[   23.336528] ehci-platform: EHCI generic platform driver
[   23.336534] ohci_hcd: USB 1.1 'Open' Host Controller (OHCI) Driver
[   23.336537] ohci-pci: OHCI PCI platform driver
[   23.336543] ohci-platform: OHCI generic platform driver
[   23.336549] uhci_hcd: USB Universal Host Controller Interface driver
[   23.336588] i8042: PNP: PS/2 Controller [PNP0303:PS2K,PNP0f03:PS2M] at 0x60,0x64 irq 1,12
[   23.336994] serio: i8042 KBD port at 0x60,0x64 irq 1
[   23.336997] serio: i8042 AUX port at 0x60,0x64 irq 12
[   23.337073] mousedev: PS/2 mouse device common for all mice
[   23.337324] input: AT Translated Set 2 keyboard as /devices/platform/i8042/serio0/input/input2
[   23.337601] rtc_cmos rtc_cmos: rtc core: registered rtc_cmos as rtc0
[   23.337647] rtc_cmos rtc_cmos: alarms up to one day, 114 bytes nvram
[   23.337652] i2c /dev entries driver
[   23.337692] device-mapper: uevent: version 1.0.3
[   23.337733] device-mapper: ioctl: 4.34.0-ioctl (2015-10-28) initialised: dm-devel@redhat.com
[   23.337752] ledtrig-cpu: registered to indicate activity on CPUs
[   23.337976] NET: Registered protocol family 10
[   23.338079] NET: Registered protocol family 17
[   23.338087] Key type dns_resolver registered
[   23.338194] microcode: CPU0 sig=0x306c3, pf=0x40, revision=0x0
[   23.387260] microcode: CPU1 sig=0x306c3, pf=0x40, revision=0x0
[   23.387334] microcode: Microcode Update Driver: v2.01 <tigran@aivazian.fsnet.co.uk>, Peter Oruba
[   23.387443] registered taskstats version 1
[   23.387455] Loading compiled-in X.509 certificates
[   23.388036] Loaded X.509 cert 'Build time autogenerated kernel key: 35105354eb779045e4d9ad793dead39d5ee93f76'
[   23.388054] zswap: loaded using pool lzo/zbud
[   23.388620] ACPI: Battery Slot [BAT0] (battery present)
[   23.390206] Key type trusted registered
[   23.392011] Key type encrypted registered
[   23.392015] AppArmor: AppArmor sha1 policy hashing enabled
[   23.392017] ima: No TPM chip found, activating TPM-bypass!
[   23.392034] evm: HMAC attrs: 0x1
[   23.392223]   Magic number: 9:512:183
[   23.392224]   hash matches /build/linux-0uniEn/linux-4.4.0/drivers/base/power/main.c:1211
[   23.395373] rtc_cmos rtc_cmos: setting system clock to 2017-07-04 15:11:56 UTC (1499181116)
[   23.395435] BIOS EDD facility v0.16 2004-Jun-25, 0 devices found
[   23.395436] EDD information not available.
[   25.580436] Freeing unused kernel memory: 1488K (ffffffff81f45000 - ffffffff820b9000)
[   25.707058] Write protecting the kernel read-only data: 14336k
[   25.734054] Freeing unused kernel memory: 1760K (ffff880001848000 - ffff880001a00000)
[   25.737305] Freeing unused kernel memory: 112K (ffff880001de4000 - ffff880001e00000)
Loading, please wait...
starting version[   25.946540] random: systemd-udevd: uninitialized urandom read (16 bytes read, 3 bits of entropy available)
 229
[   25.947075] random: udevadm: uninitialized urandom read (16 bytes read, 3 bits of entropy available)
[   25.947115] random: udevadm: uninitialized urandom read (16 bytes read, 3 bits of entropy available)
[   25.947368] random: udevadm: uninitialized urandom read (16 bytes read, 3 bits of entropy available)
[   25.947422] random: udevadm: uninitialized urandom read (16 bytes read, 3 bits of entropy available)
[   25.947478] random: udevadm: uninitialized urandom read (16 bytes read, 3 bits of entropy available)
[   25.947525] random: udevadm: uninitialized urandom read (16 bytes read, 3 bits of entropy available)
[   25.947575] random: udevadm: uninitialized urandom read (16 bytes read, 3 bits of entropy available)
[   25.947623] random: udevadm: uninitialized urandom read (16 bytes read, 3 bits of entropy available)
[   25.947674] random: udevadm: uninitialized urandom read (16 bytes read, 3 bits of entropy available)
[   26.002727] e1000: Intel(R) PRO/1000 Network Driver - version 7.3.21-k8-NAPI
[   26.032640] e1000: Copyright (c) 1999-2006 Intel Corporation.
[   26.049689] Fusion MPT base driver 3.04.20
[   26.081485] Copyright (c) 1999-2008 LSI Corporation
[   26.091958] AVX version of gcm_enc/dec engaged.
[   26.093784] AES CTR mode by8 optimization enabled
[   26.096602] Fusion MPT SPI Host driver 3.04.20
[   26.289333] input: ImExPS/2 Generic Explorer Mouse as /devices/platform/i8042/serio1/input/input4
[   26.624710] e1000 0000:00:03.0 eth0: (PCI:33MHz:32-bit) 02:4c:96:80:3a:3c
[   26.627904] e1000 0000:00:03.0 eth0: Intel(R) PRO/1000 Network Connection
[   26.646532] mptbase: ioc0: Initiating bringup
[   26.653724] e1000 0000:00:03.0 enp0s3: renamed from eth0
[   26.720097] ioc0: LSI53C1030 A0: Capabilities={Initiator}
[   26.895345] scsi host2: ioc0: LSI53C1030 A0, FwRev=00000000h, Ports=1, MaxQ=256, IRQ=20
[   27.221521] scsi 2:0:0:0: Direct-Access     VBOX     HARDDISK         1.0  PQ: 0 ANSI: 5
[   27.496947] scsi target2:0:0: Beginning Domain Validation
[   27.596406] scsi target2:0:0: Domain Validation skipping write tests
[   27.785255] scsi target2:0:0: Ending Domain Validation
[   27.903967] scsi target2:0:0: asynchronous
[   27.951104] scsi 2:0:1:0: Direct-Access     VBOX     HARDDISK         1.0  PQ: 0 ANSI: 5
[   28.200376] scsi target2:0:1: Beginning Domain Validation
[   28.221273] scsi target2:0:1: Domain Validation skipping write tests
[   28.224528] scsi target2:0:1: Ending Domain Validation
[   28.225688] scsi target2:0:1: asynchronous
[   28.269437] sd 2:0:0:0: Attached scsi generic sg0 type 0
[   28.272740] sd 2:0:0:0: [sda] 20971520 512-byte logical blocks: (10.7 GB/10.0 GiB)
[   28.464908] sd 2:0:0:0: [sda] Write Protect is off
[   28.585783] sd 2:0:1:0: [sdb] 20480 512-byte logical blocks: (10.5 MB/10.0 MiB)
[   28.585786] sd 2:0:1:0: Attached scsi generic sg1 type 0
[   28.720078] sd 2:0:0:0: [sda] Incomplete mode parameter data
[   28.720080] sd 2:0:0:0: [sda] Assuming drive cache: write through
[   28.951438] sd 2:0:1:0: [sdb] Write Protect is off
[   28.966358] sd 2:0:1:0: [sdb] Incomplete mode parameter data
[   29.041784] sd 2:0:1:0: [sdb] Assuming drive cache: write through
[   29.116586] floppy0: no floppy controllers found
[   29.169716]  sda: sda1
[   29.171092] sd 2:0:1:0: [sdb] Attached SCSI disk
[   29.182502] sd 2:0:0:0: [sda] Attached SCSI disk
Begin: Loading essential drivers ... [   30.607448] md: linear personality registered for level -1
[   30.611167] md: multipath personality registered for level -4
[   30.629956] md: raid0 personality registered for level 0
[   30.799176] md: raid1 personality registered for level 1
[   30.959723] raid6: sse2x1   gen()  7079 MB/s
[   31.060075] raid6: sse2x1   xor()  5793 MB/s
[   31.219293] raid6: sse2x2   gen()  8866 MB/s
[   31.295179] raid6: sse2x2   xor()  5942 MB/s
[   31.423276] raid6: sse2x4   gen() 10802 MB/s
[   31.563348] raid6: sse2x4   xor()  7609 MB/s
[   31.601824] raid6: using algorithm sse2x4 gen() 10802 MB/s
[   31.615418] raid6: .... xor() 7609 MB/s, rmw enabled
[   31.616435] raid6: using ssse3x2 recovery algorithm
[   31.622474] xor: automatically using best checksumming function:
[   31.663680]    avx       : 14722.000 MB/sec
[   31.688518] async_tx: api initialized (async)
[   31.792165] md: raid6 personality registered for level 6
[   31.911847] md: raid5 personality registered for level 5
[   31.992317] md: raid4 personality registered for level 4
[   32.113137] md: raid10 personality registered for level 10
done.
Begin: Running /scripts/init-p[   32.265325] Btrfs loaded
remount ... done.
Begin: Mounting root file system ... Begin: Running /scripts/local-top ... do[   32.365579] EXT4-fs (sda1): mounted filesystem with ordered data mode. Opts: (null)
ne.
Begin: Running /scripts/local-premount ... Scanning for Btrfs filesystems
done.
Warning: fsck not present, so skipping root file system
done.
Begin: Running /scripts/local-bottom ... done.
Begin: Running /scripts/init-bottom ... done.
[   32.789272] systemd[1]: systemd 229 running in system mode. (+PAM +AUDIT +SELINUX +IMA +APPARMOR +SMACK +SYSVINIT +UTMP +LIBCRYPTSETUP +GCRYPT +GNUTLS +ACL +XZ -LZ4 +SECCOMP +BLKID +ELFUTILS +KMOD -IDN)
[   32.815625] systemd[1]: Detected virtualization oracle.
[   32.835912] systemd[1]: Detected architecture x86-64.

Welcome to [1mUbuntu 16.04.2 LTS[0m!

[   32.900684] systemd[1]: Set hostname to <ubuntu-xenial>.
[   33.140439] systemd[1]: Reached target User and Group Name Lookups.
[[0;32m  OK  [0m] Reached target User and Group Name Lookups.
[   33.382805] systemd[1]: Started Trigger resolvconf update for networkd DNS.
[[0;32m  OK  [0m] Started Trigger resolvconf update for networkd DNS.
[   33.628874] systemd[1]: Listening on Journal Audit Socket.
[[0;32m  OK  [0m] Listening on Journal Audit Socket.
[   33.811708] systemd[1]: Listening on udev Control Socket.
[[0;32m  OK  [0m] Listening on udev Control Socket.
[   33.998586] systemd[1]: Listening on Syslog Socket.
[[0;32m  OK  [0m] Listening on Syslog Socket.
[   34.004781] systemd[1]: Listening on Journal Socket (/dev/log).
[[0;32m  OK  [0m] Listening on Journal Socket (/dev/log).
[   34.033909] systemd[1]: Started Forward Password Requests to Wall Directory Watch.
[[0;32m  OK  [0m] Started Forward Password Requests to Wall Directory Watch.
[   34.083529] systemd[1]: Listening on /dev/initctl Compatibility Named Pipe.
[[0;32m  OK  [0m] Listening on /dev/initctl Compatibility Named Pipe.
[   34.240726] systemd[1]: Created slice System Slice.
[[0;32m  OK  [0m] Created slice System Slice.
[   34.365933] systemd[1]: Created slice system-serial\x2dgetty.slice.
[[0;32m  OK  [0m] Created slice system-serial\x2dgetty.slice.
[   34.427061] systemd[1]: Reached target Swap.
[[0;32m  OK  [0m] Reached target Swap.
[   34.495734] systemd[1]: Created slice User and Session Slice.
[[0;32m  OK  [0m] Created slice User and Session Slice.
[   34.692321] systemd[1]: Reached target Slices.
[[0;32m  OK  [0m] Reached target Slices.
[   34.883469] systemd[1]: Listening on LVM2 poll daemon socket.
[[0;32m  OK  [0m] Listening on LVM2 poll daemon socket.
[   35.116501] systemd[1]: Reached target Encrypted Volumes.
[[0;32m  OK  [0m] Reached target Encrypted Volumes.
[   35.220390] systemd[1]: Listening on LVM2 metadata daemon socket.
[[0;32m  OK  [0m] Listening on LVM2 metadata daemon socket.
[   35.295580] systemd[1]: Listening on Device-mapper event daemon FIFOs.
[[0;32m  OK  [0m] Listening on Device-mapper event daemon FIFOs.
[   35.403345] systemd[1]: Set up automount Arbitrary Executable File Formats File System Automount Point.
[[0;32m  OK  [0m] Set up automount Arbitrary Executab...ats File System Automount Point.
[   35.432183] systemd[1]: Listening on Journal Socket.
[[0;32m  OK  [0m] Listening on Journal Socket.
[   35.451550] systemd[1]: Starting Create list of required static device nodes for the current kernel...
         Starting Create list of required st... nodes for the current kernel...
[   35.655761] systemd[1]: Starting Nameserver information manager...
         Starting Nameserver information manager...
[   35.847638] systemd[1]: Mounting Debug File System...
         Mounting Debug File System...
[   36.019431] systemd[1]: Starting Uncomplicated firewall...
         Starting Uncomplicated firewall...
[   36.255460] systemd[1]: Starting Monitoring of LVM2 mirrors, snapshots etc. using dmeventd or progress polling...
[   36.259198] random: nonblocking pool is initialized
         Starting Monitoring of LVM2 mirrors... dmeventd or progress polling...
[   36.336856] systemd[1]: Starting Set console keymap...
         Starting Set console keymap...
[   36.344585] systemd[1]: Mounting POSIX Message Queue File System...
         Mounting POSIX Message Queue File System...
[   36.347563] systemd[1]: Starting Remount Root and Kernel File Systems...
         Starting Remount Root and Kernel File Systems...
[   36.352649] systemd[1]: Mounting Huge Pages File System...
[   36.355372] EXT4-fs (sda1): re-mounted. Opts: (null)
         Mounting Huge Pages File System...
[   36.359400] systemd[1]: Listening on udev Kernel Socket.
[[0;32m  OK  [0m] Listening on udev Kernel Socket.
[   36.363278] systemd[1]: Starting Load Kernel Modules...
         [   36.464531] Loading iSCSI transport class v2.0-870.
Starting Load Ke[   36.560763] iscsi: registered transport (tcp)
rnel Modules...
[   36.627772] systemd[1]: Starting Journal Service...
         Starting Journal Service...
[   36.708563] systemd[1]: Mounted Huge Pages File System.
[[0;32m  OK  [0m] Mounted Huge [   36.716634] iscsi: registered transport (iser)
Pages File System.
[   36.735310] systemd[1]: Mounted POSIX Message Queue File System.
[[0;32m  OK  [0m] Mounted POSIX Message Queue File System.
[   36.738723] systemd[1]: Mounted Debug File System.
[[0;32m  OK  [0m] Mounted Debug File System.
[   36.741194] systemd[1]: Started Journal Service.
[[0;32m  OK  [0m] Started Journal Service.
[[0;32m  OK  [0m] Started Create list of required sta...ce nodes for the current kernel.
[[0;32m  OK  [0m] Started Uncomplicated firewall.
[[0;32m  OK  [0m] Started Set console keymap.
[[0;32m  OK  [0m] Started Remount Root and Kernel File Systems.
[[0;32m  OK  [0m] Started Load Kernel Modules.
[[0;32m  OK  [0m] Started Nameserver information manager.
[[0;32m  OK  [0m] Started LVM2 metadata daemon.
         Starting Apply Kernel Variables...
         Mounting FUSE Control File System...
         Starting udev Coldplug all Devices...
         Starting Load/Save Random Seed...
         Starting Initial cloud-init job (pre-networking)...
         Starting Create Static Device Nodes in /dev...
         Starting Flush Journal to Persistent Storage...
[[0;32m  OK  [0m] Mounted FUSE Control File System.
[[0;32m  OK  [0m] Started Apply Kernel Variables.
[[0;32m  OK  [0m] Started Load/Save Random Seed.
[[0;32m  OK  [0m] Started Create Static Device Nodes in /dev.
[[0;32m  OK  [0m] Started udev Coldplug all Devices.
[[0;32m  OK  [0m] Started Flush Journal to Persistent Storage.
         Starting udev Kernel Device Manager...
[[0;32m  OK  [0m] Started Monitoring of LVM2 mirrors,...ng dmeventd or progress polling.
[[0;32m  OK  [0m] Started udev Kernel Device Manager.
[[0;32m  OK  [0m] Started Dispatch Password Requests to Console Directory Watch.
[[0;32m  OK  [0m] Reached target Local File Systems (Pre).
[[0;32m  OK  [0m] Reached target Local File Systems.
         Starting LSB: AppArmor initialization...
         Starting Tell Plymouth To Write Out Runtime Data...
         Starting Set console font and keymap...
         Starting Create Volatile Files and Directories...
[[0;32m  OK  [0m] Started Tell Plymouth To Write Out Runtime Data.
[[0;32m  OK  [0m] Started Create Volatile Files and Directories.
         Starting Update UTMP about System Boot/Shutdown...
[[0;32m  OK  [0m] Reached target System Time Synchronized.
[[0;32m  OK  [0m] Started LSB: AppArmor initialization.
[[0;32m  OK  [0m] Started Update UTMP about System Boot/Shutdown.
[[0;32m  OK  [0m] Found device /dev/ttyS0.
[[0;32m  OK  [0m] Listening on Load/Save RF Kill Switch Status /dev/rfkill Watch.
[   18.583056] cloud-init[462]: Cloud-init v. 0.7.9 running 'init-local' at Tue, 04 Jul 2017 15:12:11 +0000. Up 18.29 seconds.
[[0;32m  OK  [0m] Started Set console font and keymap.
[[0;32m  OK  [0m] Started Initial cloud-init job (pre-networking).
[[0;32m  OK  [0m] Found device 82540EM Gigabit Ethern...r (PRO/1000 MT Desktop Adapter).
[[0;32m  OK  [0m] Reached target Network (Pre).
[[0;32m  OK  [0m] Started ifup for enp0s3.
         Starting Raise network interfaces...
[[0;32m  OK  [0m] Created slice system-getty.slice.
[[0;32m  OK  [0m] Started Raise network interfaces.
         Starting Initial cloud-init job (metadata service crawler)...
[[0;32m  OK  [0m] Reached target Network.
[   21.597936] cloud-init[953]: Cloud-init v. 0.7.9 running 'init' at Tue, 04 Jul 2017 15:12:14 +0000. Up 21.34 seconds.
[   21.616607] cloud-init[953]: ci-info: +++++++++++++++++++++++++++++++++++++Net device info++++++++++++++++++++++++++++++++++++++
[   21.631158] cloud-init[953]: ci-info: +--------+------+----------------------------+---------------+-------+-------------------+
[   21.652763] [cloud-init[0;32m  OK  [0m[953]: ] ci-info: | Device |  Up  |          Address           |      Mask     | Scope |     Hw-Address    |Started Initial cloud-init job (metadata service crawler).

[   21.653376] cloud-init[953]: ci-info: +--------+------+----------------------------+---------------+-------+-------------------+
[   21.752707] [cloud-init[0;32m  OK  [0m[953]: ] ci-info: | enp0s3 | True |         10.0.2.15          | 255.255.255.0 |   .   | 02:4c:96:80:3a:3c |Reached target Network is Online.

[   21.753221] cloud-init[953]: ci-info: | enp0s3 | True | fe80::4c:96ff:fe80:3a3c/64 |       .       |  link | 02:4c:96:80:3a:3c |
[   21.952466]          cloud-initStarting iSCSI initiator daemon (iscsid)...[953]: 
ci-info: |   lo   | True |         127.0.0.1          |   255.0.0.0   |   .   |         .         |
[   22.001625] [[0;32m  OK  [0m] Reached target System Initialization.
         Starting Socket activation for snappy daemon.
cloud-init[953]: ci-info: |   lo   | True |          ::1/128           |       .       |  host |         .         |
[   22.052376] [[0;32m  OK  [0m] Started Daily apt activities.
[[0;32m  OK  [0m] Started Timer to automatically refresh installed snaps.
cloud-init[953]: ci-info: +--------+------+----------------------------+---------------+-------+-------------------+
[   22.172508]          cloud-initStarting LXD - unix socket.[953]: 
ci-info: +++++++++++++++++++++++++++Route IPv4 info++++++++++++++++++++++++++++
[   22.236981] [cloud-init[0;32m  OK  [0m[953]: ] ci-info: +-------+-------------+----------+---------------+-----------+-------+Listening on D-Bus System Message Bus Socket.

[   22.276623] [cloud-init[0;32m  OK  [0m[953]: ] ci-info: | Route | Destination | Gateway  |    Genmask    | Interface | Flags |Listening on UUID daemon activation socket.

[[0;32m  OK  [0m] Listening on ACPID Listen Socket.
[[0;32m  OK  [0m] Started Daily Cleanup of Temporary Directories.
[   22.277105] cloud-init[953]: ci-info: +-------+-------------+----------+---------------+-----------+-------+
[[0;32m  OK  [0m] Reached target Timers.
[   22.409273] cloud-init[953]: ci-info: |   0   |   0.0.0.0   | 10.0.2.2 |    0.0.0.0    |   enp0s3  |   UG  |
[   22.644434] [cloud-init[0;32m  OK  [0m[953]: ] ci-info: |   1   |   10.0.2.0  | 0.0.0.0  | 255.255.255.0 |   enp0s3  |   U   |Started ACPI Events Check.

[   22.644922] [cloud-init[0;32m  OK  [0m[953]: ] ci-info: +-------+-------------+----------+---------------+-----------+-------+Reached target Paths.

[[0;32m  OK  [0m] Reached target Cloud-config availability.
[[0;32m  OK  [0m] Listening on Socket activation for snappy daemon.
[[0;32m  OK  [0m] Listening on LXD - unix socket.
[[0;32m  OK  [0m] Started iSCSI initiator daemon (iscsid).
         Starting Login to default iSCSI targets...
[[0;32m  OK  [0m] Reached target Sockets.
[[0;32m  OK  [0m] Reached target Basic System.
         Starting Accounts Service...
         Starting Apply the settings specified in cloud-config...
[[0;32m  OK  [0m] Started Regular background program processing daemon.
         Starting Daily apt activities...
[[0;32m  OK  [0m] Started D-Bus System Message Bus.
         Starting LXD - container startup/shutdown...
[[0;32m  OK  [0m] Started ACPI event daemon.
[[0;32m  OK  [0m] Started Deferred execution scheduler.
         Starting LSB: Record successful boot for GRUB...
[[0;32m  OK  [0m] Started FUSE filesystem for LXC.
         Starting OpenBSD Secure Shell server...
[[0;32m  OK  [0m] Started Unattended Upgrades Shutdown.
         Starting Login Service...
         Starting System Logging Service...
         Starting /etc/rc.local Compatibility...
         Starting LSB: MD monitoring daemon...
[[0;32m  OK  [0m] Started Snappy daemon.
         Starting Auto import assertions from block devices...
[[0;32m  OK  [0m] Started OpenBSD Secure Shell server.
[[0;32m  OK  [0m] Started System Logging Service.
[[0;32m  OK  [0m] Started LXD - container startup/shutdown.
[[0;32m  OK  [0m] Started /etc/rc.local Compatibility.
[[0;32m  OK  [0m] Started Auto import assertions from block devices.
[[0;32m  OK  [0m] Started Login to default iSCSI targets.
[[0;32m  OK  [0m] Started LSB: Record successful boot for GRUB.
[[0;32m  OK  [0m] Started LSB: MD monitoring daemon.
         Starting Authenticate and Authorize Users to Run Privileged Tasks...
[[0;32m  OK  [0m] Reached target Remote File Systems (Pre).
[[0;32m  OK  [0m] Reached target Remote File Systems.
[   23.826441] cloud-init[1014]: Cloud-init v. 0.7.9 running 'modules:config' at Tue, 04 Jul 2017 15:12:16 +0000. Up 23.66 seconds.
         Starting LSB: VirtualBox Linux Additions...
         Starting LSB: daemon to balance interrupts for SMP systems...
         Starting Permit User Sessions...
         Starting LSB: automatic crash report generation...
         Starting LSB: Set the CPU Frequency Scaling governor to "ondemand"...
[[0;32m  OK  [0m] Started Apply the settings specified in cloud-config.
[[0;32m  OK  [0m] Started Permit User Sessions.
[[0;32m  OK  [0m] Started Login Service.
[[0;32m  OK  [0m] Started Authenticate and Authorize Users to Run Privileged Tasks.
[[0;32m  OK  [0m] Started Accounts Service.
         Starting Terminate Plymouth Boot Screen...
         Starting Hold until boot process finishes up...
[[0;32m  OK  [0m] Started LSB: VirtualBox Linux Additions.
[[0;32m  OK  [0m] Started LSB: daemon to balance interrupts for SMP systems.
[[0;32m  OK  [0m] Started LSB: automatic crash report generation.
[[0;32m  OK  [0m] Started LSB: Set the CPU Frequency Scaling governor to "ondemand".
[[0;32m  OK  [0m] Started Terminate Plymouth Boot Screen.
[[0;32m  OK  [0m] Started Hold until boot process finishes up.
[[0;32m  OK  [0m] Created slice User Slice of ubuntu.
         Starting User Manager for UID 1000...
[[0;32m  OK  [0m] Started Session 1 of user ubuntu.
[[0;32m  OK  [0m] Started Getty on tty1.
         Starting Set console scheme...
[[0;32m  OK  [0m] Started Serial Getty on ttyS0.
[[0;32m  OK  [0m] Reached target Login Prompts.
[[0;32m  OK  [0m] Reached target Multi-User System.
         Starting Execute cloud user/final scripts...
[[0;32m  OK  [0m] Reached target Graphical Interface.
         Starting Update UTMP about System Runlevel Changes...
[[0;32m  OK  [0m] Started User Manager for UID 1000.
[[0;32m  OK  [0m] Started Set console scheme.
[[0;32m  OK  [0m] Started Update UTMP about System Runlevel Changes.
[   25.301019] cloud-init[1250]: Cloud-init v. 0.7.9 running 'modules:final' at Tue, 04 Jul 2017 15:12:17 +0000. Up 25.06 seconds.
[   25.317022] cloud-init[1250]: Cloud-init v. 0.7.9 finished at Tue, 04 Jul 2017 15:12:18 +0000. Datasource DataSourceNoCloud [seed=/dev/sdb][dsmode=net].  Up 25.28 seconds
[[0;32m  OK  [0m] Started Execute cloud user/final scripts.
[[0;32m  OK  [0m] Reached target Cloud-init target.
         Stopping User Manager for UID 1000...
[[0;32m  OK  [0m] Stopped User Manager for UID 1000.
[[0;32m  OK  [0m] Removed slice User Slice of ubuntu.

Ubuntu 16.04.2 LTS ubuntu-xenial ttyS0

ubuntu-xenial login:          Stopping User Manf         Stopping Deferred execution scheduler...
         Stopping LSB: MD monitoring daemon...
         Stopping D-Bus System Message Bus...
         Stopping LSB: daemon to balance interrupts for SMP systems...
         Stopping OpenBSD Secure Shell server...
         Stopping LSB: automatic crash report generation...
         Stopping LSB: VirtualBox Linux Additions...
         Stopping Regular background program processing daemon...
[[0;32m  OK  [0m] Unmounted /var/lib/lxcfs.
[[0;32m  OK  [0m] Stopped Accounts Service.
[[0;32m  OK  [0m] Stopped Regular background program processing daemon.
[[0;32m  OK  [0m] Stopped ACPI event daemon.
[[0;32m  OK  [0m] Stopped Deferred execution scheduler.
[[0;32m  OK  [0m] Stopped OpenBSD Secure Shell server.
[[0;32m  OK  [0m] Stopped System Logging Service.
[[0;32m  OK  [0m] Stopped Snappy daemon.
[[0;32m  OK  [0m] Stopped Authenticate and Authorize Users to Run Privileged Tasks.
[[0;32m  OK  [0m] Stopped Getty on tty1.
[[0;32m  OK  [0m] Stopped Serial Getty on ttyS0.
[[0;32m  OK  [0m] Stopped User Manager for UID 1000.
[[0;32m  OK  [0m] Stopped Session 5 of user ubuntu.
[[0;32m  OK  [0m] Stopped Unattended Upgrades Shutdown.
[[0;32m  OK  [0m] Stopped D-Bus System Message Bus.
[[0;32m  OK  [0m] Stopped FUSE filesystem for LXC.
[[0;32m  OK  [0m] Stopped LSB: Record successful boot for GRUB.
[[0;32m  OK  [0m] Stopped LSB: Set the CPU Frequency Scaling governor to "ondemand".
[[0;32m  OK  [0m] Stopped LXD - container startup/shutdown.
[[0;32m  OK  [0m] Stopped LSB: MD monitoring daemon.
[[0;32m  OK  [0m] Stopped LSB: daemon to balance interrupts for SMP systems.
[[0;32m  OK  [0m] Stopped LSB: automatic crash report generation.
[[0;32m  OK  [0m] Stopped LSB: VirtualBox Linux Additions.
[[0;32m  OK  [0m] Removed slice User Slice of ubuntu.
         Stopping Login Service...
[[0;32m  OK  [0m] Removed slice system-serial\x2dgetty.slice.
[[0;32m  OK  [0m] Stopped /etc/rc.local Compatibility.
[[0;32m  OK  [0m] Removed slice system-getty.slice.
         Stopping Permit User Sessions...
[[0;32m  OK  [0m] Stopped Login Service.
[[0;32m  OK  [0m] Stopped Permit User Sessions.
[[0;32m  OK  [0m] Stopped target Remote File Systems.
[[0;32m  OK  [0m] Stopped target Remote File Systems (Pre).
         Stopping Login to default iSCSI targets...
[[0;32m  OK  [0m] Stopped target User and Group Name Lookups.
[[0;32m  OK  [0m] Stopped target Basic System.
[[0;32m  OK  [0m] Stopped target Paths.
[[0;32m  OK  [0m] Stopped Dispatch Password Requests to Console Directory Watch.
[[0;32m  OK  [0m] Stopped Forward Password Requests to Wall Directory Watch.
[[0;32m  OK  [0m] Stopped ACPI Events Check.
[[0;32m  OK  [0m] Stopped target Slices.
[[0;32m  OK  [0m] Stopped target Sockets.
[[0;32m  OK  [0m] Closed LXD - unix socket.
[[0;32m  OK  [0m] Closed ACPID Listen Socket.
[[0;32m  OK  [0m] Closed D-Bus System Message Bus Socket.
[[0;32m  OK  [0m] Closed UUID daemon activation socket.
[[0;32m  OK  [0m] Closed Socket activation for snappy daemon.
[[0;32m  OK  [0m] Stopped target System Initialization.
         Stopping Load/Save Random Seed...
[[0;32m  OK  [0m] Stopped Create Volatile Files and Directories.
[[0;32m  OK  [0m] Stopped target Encrypted Volumes.
[[0;32m  OK  [0m] Stopped target Swap.
[[0;32m  OK  [0m] Closed Syslog Socket.
[[0;32m  OK  [0m] Removed slice User and Session Slice.
[[0;32m  OK  [0m] Stopped Load/Save Random Seed.
[[0;32m  OK  [0m] Stopped Login to default iSCSI targets.
         Stopping iSCSI initiator daemon (iscsid)...
[[0;32m  OK  [0m] Stopped iSCSI initiator daemon (iscsid).
[[0;32m  OK  [0m] Stopped target Network is Online.
[[0;32m  OK  [0m] Stopped Initial cloud-init job (metadata service crawler).
[[0;32m  OK  [0m] Stopped target Network.
         Stopping Raise network interfaces...
[[0;32m  OK  [0m] Stopped Raise network interfaces.
[[0;32m  OK  [0m] Stopped target Network (Pre).
[[0;32m  OK  [0m] Stopped Initial cloud-init job (pre-networking).
[[0;32m  OK  [0m] Stopped target Local File Systems.
         Unmounting /run/user/1000...
         Unmounting /vagrant...
[[0;32m  OK  [0m] Stopped Apply Kernel Variables.
[[0;32m  OK  [0m] Stopped Load Kernel Modules.
[[0;32m  OK  [0m] Unmounted /run/user/1000.
[[0;32m  OK  [0m] Unmounted /vagrant.
[[0;32m  OK  [0m] Reached target Unmount All Filesystems.
[[0;32m  OK  [0m] Stopped target Local File Systems (Pre).
         Stopping Monitoring of LVM2 mirrors... dmeventd or progress polling...
[[0;32m  OK  [0m] Stopped Remount Root and Kernel File Systems.
[[0;32m  OK  [0m] Stopped Create Static Device Nodes in /dev.
[[0;32m  OK  [0m] Reached target Shutdown.
[ 5939.224427] reboot: Power down
